This is XeTeX, Version 3.14159265-2.6-0.99996 (MiKTeX 2.9.6210 64-bit) (preloaded format=xelatex 2018.4.2)  3 APR 2018 02:20
entering extended mode
**./pres.tex
(pres.tex
LaTeX2e <2017-04-15>
Babel <3.9r> and hyphenation patterns for 75 language(s) loaded.
\@input{preamble/preamble.aux}
\openout2 = `preamble/preamble.aux'.

(preamble/preamble.tex ("C:\Program Files\MiKTeX 2.9\tex\latex\beamer\beamer.cl
s"
Document Class: beamer 2018/02/20 v3.50 A class for typesetting presentations
("C:\Program Files\MiKTeX 2.9\tex\latex\beamer\beamerbasemodes.sty"
("C:\Program Files\MiKTeX 2.9\tex\latex\etoolbox\etoolbox.sty"
Package: etoolbox 2018/02/11 v2.5e e-TeX tools for LaTeX (JAW)
\etb@tempcnta=\count79
)
\beamer@tempbox=\box26
\beamer@tempcount=\count80
\c@beamerpauses=\count81

("C:\Program Files\MiKTeX 2.9\tex\latex\beamer\beamerbasedecode.sty"
\beamer@slideinframe=\count82
\beamer@minimum=\count83
)
\beamer@commentbox=\box27
\beamer@modecount=\count84
)
("C:\Program Files\MiKTeX 2.9\tex\generic\oberdiek\ifpdf.sty"
Package: ifpdf 2017/03/15 v3.2 Provides the ifpdf switch
)
\headdp=\dimen102
\footheight=\dimen103
\sidebarheight=\dimen104
\beamer@tempdim=\dimen105
\beamer@finalheight=\dimen106
\beamer@animht=\dimen107
\beamer@animdp=\dimen108
\beamer@animwd=\dimen109
\beamer@leftmargin=\dimen110
\beamer@rightmargin=\dimen111
\beamer@leftsidebar=\dimen112
\beamer@rightsidebar=\dimen113
\beamer@boxsize=\dimen114
\beamer@vboxoffset=\dimen115
\beamer@descdefault=\dimen116
\beamer@descriptionwidth=\dimen117
\beamer@lastskip=\skip41
\beamer@areabox=\box28
\beamer@animcurrent=\box29
\beamer@animshowbox=\box30
\beamer@sectionbox=\box31
\beamer@logobox=\box32
\beamer@linebox=\box33
\beamer@sectioncount=\count85
\beamer@subsubsectionmax=\count86
\beamer@subsectionmax=\count87
\beamer@sectionmax=\count88
\beamer@totalheads=\count89
\beamer@headcounter=\count90
\beamer@partstartpage=\count91
\beamer@sectionstartpage=\count92
\beamer@subsectionstartpage=\count93
\beamer@animationtempa=\count94
\beamer@animationtempb=\count95
\beamer@xpos=\count96
\beamer@ypos=\count97
\beamer@ypos@offset=\count98
\beamer@showpartnumber=\count99
\beamer@currentsubsection=\count100
\beamer@coveringdepth=\count101
\beamer@sectionadjust=\count102
\beamer@tocsectionnumber=\count103

("C:\Program Files\MiKTeX 2.9\tex\latex\beamer\beamerbaseoptions.sty"
("C:\Program Files\MiKTeX 2.9\tex\latex\graphics\keyval.sty"
Package: keyval 2014/10/28 v1.15 key=value parser (DPC)
\KV@toks@=\toks14
))
\beamer@paperwidth=\skip42
\beamer@paperheight=\skip43

("C:\Program Files\MiKTeX 2.9\tex\latex\geometry\geometry.sty"
Package: geometry 2018/03/24 v5.7 Page Geometry

("C:\Program Files\MiKTeX 2.9\tex\generic\oberdiek\ifvtex.sty"
Package: ifvtex 2016/05/16 v1.6 Detect VTeX and its facilities (HO)
Package ifvtex Info: VTeX not detected.
)
("C:\Program Files\MiKTeX 2.9\tex\generic\ifxetex\ifxetex.sty"
Package: ifxetex 2010/09/12 v0.6 Provides ifxetex conditional
)
\Gm@cnth=\count104
\Gm@cntv=\count105
\c@Gm@tempcnt=\count106
\Gm@bindingoffset=\dimen118
\Gm@wd@mp=\dimen119
\Gm@odd@mp=\dimen120
\Gm@even@mp=\dimen121
\Gm@layoutwidth=\dimen122
\Gm@layoutheight=\dimen123
\Gm@layouthoffset=\dimen124
\Gm@layoutvoffset=\dimen125
\Gm@dimlist=\toks15

("C:\Program Files\MiKTeX 2.9\tex\xelatex\xetexconfig\geometry.cfg"))
("C:\Program Files\MiKTeX 2.9\tex\latex\base\size11.clo"
File: size11.clo 2014/09/29 v1.4h Standard LaTeX file (size option)
)
("C:\Program Files\MiKTeX 2.9\tex\latex\pgf\basiclayer\pgfcore.sty"
("C:\Program Files\MiKTeX 2.9\tex\latex\graphics\graphicx.sty"
Package: graphicx 2017/06/01 v1.1a Enhanced LaTeX Graphics (DPC,SPQR)

("C:\Program Files\MiKTeX 2.9\tex\latex\graphics\graphics.sty"
Package: graphics 2017/06/25 v1.2c Standard LaTeX Graphics (DPC,SPQR)

("C:\Program Files\MiKTeX 2.9\tex\latex\graphics\trig.sty"
Package: trig 2016/01/03 v1.10 sin cos tan (DPC)
)
("C:\Program Files\MiKTeX 2.9\tex\latex\graphics-cfg\graphics.cfg"
File: graphics.cfg 2016/06/04 v1.11 sample graphics configuration
)
Package graphics Info: Driver file: xetex.def on input line 99.

("C:\Program Files\MiKTeX 2.9\tex\latex\graphics-def\xetex.def"
File: xetex.def 2017/06/24 v5.0h Graphics/color driver for xetex
))
\Gin@req@height=\dimen126
\Gin@req@width=\dimen127
)
("C:\Program Files\MiKTeX 2.9\tex\latex\pgf\systemlayer\pgfsys.sty"
("C:\Program Files\MiKTeX 2.9\tex\latex\pgf\utilities\pgfrcs.sty"
("C:\Program Files\MiKTeX 2.9\tex\generic\pgf\utilities\pgfutil-common.tex"
\pgfutil@everybye=\toks16
\pgfutil@tempdima=\dimen128
\pgfutil@tempdimb=\dimen129

("C:\Program Files\MiKTeX 2.9\tex\generic\pgf\utilities\pgfutil-common-lists.te
x")) ("C:\Program Files\MiKTeX 2.9\tex\generic\pgf\utilities\pgfutil-latex.def"
\pgfutil@abb=\box34
("C:\Program Files\MiKTeX 2.9\tex\latex\ms\everyshi.sty"
Package: everyshi 2001/05/15 v3.00 EveryShipout Package (MS)
))
("C:\Program Files\MiKTeX 2.9\tex\generic\pgf\utilities\pgfrcs.code.tex"
Package: pgfrcs 2015/08/07 v3.0.1a (rcs-revision 1.31)
))
("C:\Program Files\MiKTeX 2.9\tex\generic\pgf\systemlayer\pgfsys.code.tex"
Package: pgfsys 2014/07/09 v3.0.1a (rcs-revision 1.48)

("C:\Program Files\MiKTeX 2.9\tex\generic\pgf\utilities\pgfkeys.code.tex"
\pgfkeys@pathtoks=\toks17
\pgfkeys@temptoks=\toks18

("C:\Program Files\MiKTeX 2.9\tex\generic\pgf\utilities\pgfkeysfiltered.code.te
x"
\pgfkeys@tmptoks=\toks19
))
\pgf@x=\dimen130
\pgf@y=\dimen131
\pgf@xa=\dimen132
\pgf@ya=\dimen133
\pgf@xb=\dimen134
\pgf@yb=\dimen135
\pgf@xc=\dimen136
\pgf@yc=\dimen137
\w@pgf@writea=\write3
\r@pgf@reada=\read1
\c@pgf@counta=\count107
\c@pgf@countb=\count108
\c@pgf@countc=\count109
\c@pgf@countd=\count110
\t@pgf@toka=\toks20
\t@pgf@tokb=\toks21
\t@pgf@tokc=\toks22
 ("C:\Program Files\MiKTeX 2.9\tex\generic\pgf\systemlayer\pgf.cfg"
File: pgf.cfg 2008/05/14  (rcs-revision 1.7)
)
Driver file for pgf: pgfsys-xetex.def

("C:\Program Files\MiKTeX 2.9\tex\generic\pgf\systemlayer\pgfsys-xetex.def"
File: pgfsys-xetex.def 2014/07/09  (rcs-revision 1.11)

("C:\Program Files\MiKTeX 2.9\tex\generic\pgf\systemlayer\pgfsys-dvipdfmx.def"
File: pgfsys-dvipdfmx.def 2014/07/09  (rcs-revision 1.14)

("C:\Program Files\MiKTeX 2.9\tex\generic\pgf\systemlayer\pgfsys-common-pdf.def
"
File: pgfsys-common-pdf.def 2013/10/10  (rcs-revision 1.13)
)
\pgfsys@objnum=\count111
)))
("C:\Program Files\MiKTeX 2.9\tex\generic\pgf\systemlayer\pgfsyssoftpath.code.t
ex"
File: pgfsyssoftpath.code.tex 2013/09/09  (rcs-revision 1.9)
\pgfsyssoftpath@smallbuffer@items=\count112
\pgfsyssoftpath@bigbuffer@items=\count113
)
("C:\Program Files\MiKTeX 2.9\tex\generic\pgf\systemlayer\pgfsysprotocol.code.t
ex"
File: pgfsysprotocol.code.tex 2006/10/16  (rcs-revision 1.4)
)) ("C:\Program Files\MiKTeX 2.9\tex\latex\xcolor\xcolor.sty"
Package: xcolor 2016/05/11 v2.12 LaTeX color extensions (UK)

("C:\Program Files\MiKTeX 2.9\tex\latex\graphics-cfg\color.cfg"
File: color.cfg 2016/01/02 v1.6 sample color configuration
)
Package xcolor Info: Driver file: xetex.def on input line 225.
Package xcolor Info: Model `cmy' substituted by `cmy0' on input line 1348.
Package xcolor Info: Model `RGB' extended on input line 1364.
Package xcolor Info: Model `HTML' substituted by `rgb' on input line 1366.
Package xcolor Info: Model `Hsb' substituted by `hsb' on input line 1367.
Package xcolor Info: Model `tHsb' substituted by `hsb' on input line 1368.
Package xcolor Info: Model `HSB' substituted by `hsb' on input line 1369.
Package xcolor Info: Model `Gray' substituted by `gray' on input line 1370.
Package xcolor Info: Model `wave' substituted by `hsb' on input line 1371.
)
("C:\Program Files\MiKTeX 2.9\tex\generic\pgf\basiclayer\pgfcore.code.tex"
Package: pgfcore 2010/04/11 v3.0.1a (rcs-revision 1.7)

("C:\Program Files\MiKTeX 2.9\tex\generic\pgf\math\pgfmath.code.tex"
("C:\Program Files\MiKTeX 2.9\tex\generic\pgf\math\pgfmathcalc.code.tex"
("C:\Program Files\MiKTeX 2.9\tex\generic\pgf\math\pgfmathutil.code.tex")
("C:\Program Files\MiKTeX 2.9\tex\generic\pgf\math\pgfmathparser.code.tex"
\pgfmath@dimen=\dimen138
\pgfmath@count=\count114
\pgfmath@box=\box35
\pgfmath@toks=\toks23
\pgfmath@stack@operand=\toks24
\pgfmath@stack@operation=\toks25
)
("C:\Program Files\MiKTeX 2.9\tex\generic\pgf\math\pgfmathfunctions.code.tex"
("C:\Program Files\MiKTeX 2.9\tex\generic\pgf\math\pgfmathfunctions.basic.code.
tex")
("C:\Program Files\MiKTeX 2.9\tex\generic\pgf\math\pgfmathfunctions.trigonometr
ic.code.tex")
("C:\Program Files\MiKTeX 2.9\tex\generic\pgf\math\pgfmathfunctions.random.code
.tex")
("C:\Program Files\MiKTeX 2.9\tex\generic\pgf\math\pgfmathfunctions.comparison.
code.tex")
("C:\Program Files\MiKTeX 2.9\tex\generic\pgf\math\pgfmathfunctions.base.code.t
ex")
("C:\Program Files\MiKTeX 2.9\tex\generic\pgf\math\pgfmathfunctions.round.code.
tex")
("C:\Program Files\MiKTeX 2.9\tex\generic\pgf\math\pgfmathfunctions.misc.code.t
ex")
("C:\Program Files\MiKTeX 2.9\tex\generic\pgf\math\pgfmathfunctions.integerarit
hmetics.code.tex")))
("C:\Program Files\MiKTeX 2.9\tex\generic\pgf\math\pgfmathfloat.code.tex"
\c@pgfmathroundto@lastzeros=\count115
))
("C:\Program Files\MiKTeX 2.9\tex\generic\pgf\basiclayer\pgfcorepoints.code.tex
"
File: pgfcorepoints.code.tex 2013/10/07  (rcs-revision 1.27)
\pgf@picminx=\dimen139
\pgf@picmaxx=\dimen140
\pgf@picminy=\dimen141
\pgf@picmaxy=\dimen142
\pgf@pathminx=\dimen143
\pgf@pathmaxx=\dimen144
\pgf@pathminy=\dimen145
\pgf@pathmaxy=\dimen146
\pgf@xx=\dimen147
\pgf@xy=\dimen148
\pgf@yx=\dimen149
\pgf@yy=\dimen150
\pgf@zx=\dimen151
\pgf@zy=\dimen152
)
("C:\Program Files\MiKTeX 2.9\tex\generic\pgf\basiclayer\pgfcorepathconstruct.c
ode.tex"
File: pgfcorepathconstruct.code.tex 2013/10/07  (rcs-revision 1.29)
\pgf@path@lastx=\dimen153
\pgf@path@lasty=\dimen154
)
("C:\Program Files\MiKTeX 2.9\tex\generic\pgf\basiclayer\pgfcorepathusage.code.
tex"
File: pgfcorepathusage.code.tex 2014/11/02  (rcs-revision 1.24)
\pgf@shorten@end@additional=\dimen155
\pgf@shorten@start@additional=\dimen156
)
("C:\Program Files\MiKTeX 2.9\tex\generic\pgf\basiclayer\pgfcorescopes.code.tex
"
File: pgfcorescopes.code.tex 2015/05/08  (rcs-revision 1.46)
\pgfpic=\box36
\pgf@hbox=\box37
\pgf@layerbox@main=\box38
\pgf@picture@serial@count=\count116
)
("C:\Program Files\MiKTeX 2.9\tex\generic\pgf\basiclayer\pgfcoregraphicstate.co
de.tex"
File: pgfcoregraphicstate.code.tex 2014/11/02  (rcs-revision 1.12)
\pgflinewidth=\dimen157
)
("C:\Program Files\MiKTeX 2.9\tex\generic\pgf\basiclayer\pgfcoretransformations
.code.tex"
File: pgfcoretransformations.code.tex 2015/08/07  (rcs-revision 1.20)
\pgf@pt@x=\dimen158
\pgf@pt@y=\dimen159
\pgf@pt@temp=\dimen160
)
("C:\Program Files\MiKTeX 2.9\tex\generic\pgf\basiclayer\pgfcorequick.code.tex"
File: pgfcorequick.code.tex 2008/10/09  (rcs-revision 1.3)
)
("C:\Program Files\MiKTeX 2.9\tex\generic\pgf\basiclayer\pgfcoreobjects.code.te
x"
File: pgfcoreobjects.code.tex 2006/10/11  (rcs-revision 1.2)
)
("C:\Program Files\MiKTeX 2.9\tex\generic\pgf\basiclayer\pgfcorepathprocessing.
code.tex"
File: pgfcorepathprocessing.code.tex 2013/09/09  (rcs-revision 1.9)
)
("C:\Program Files\MiKTeX 2.9\tex\generic\pgf\basiclayer\pgfcorearrows.code.tex
"
File: pgfcorearrows.code.tex 2015/05/14  (rcs-revision 1.43)
\pgfarrowsep=\dimen161
)
("C:\Program Files\MiKTeX 2.9\tex\generic\pgf\basiclayer\pgfcoreshade.code.tex"
File: pgfcoreshade.code.tex 2013/07/15  (rcs-revision 1.15)
\pgf@max=\dimen162
\pgf@sys@shading@range@num=\count117
) ("C:\Program Files\MiKTeX 2.9\tex\generic\pgf\basiclayer\pgfcoreimage.code.te
x"
File: pgfcoreimage.code.tex 2013/07/15  (rcs-revision 1.18)

("C:\Program Files\MiKTeX 2.9\tex\generic\pgf\basiclayer\pgfcoreexternal.code.t
ex"
File: pgfcoreexternal.code.tex 2014/07/09  (rcs-revision 1.21)
\pgfexternal@startupbox=\box39
))
("C:\Program Files\MiKTeX 2.9\tex\generic\pgf\basiclayer\pgfcorelayers.code.tex
"
File: pgfcorelayers.code.tex 2013/07/18  (rcs-revision 1.7)
)
("C:\Program Files\MiKTeX 2.9\tex\generic\pgf\basiclayer\pgfcoretransparency.co
de.tex"
File: pgfcoretransparency.code.tex 2013/09/30  (rcs-revision 1.5)
)
("C:\Program Files\MiKTeX 2.9\tex\generic\pgf\basiclayer\pgfcorepatterns.code.t
ex"
File: pgfcorepatterns.code.tex 2013/11/07  (rcs-revision 1.5)
))) ("C:\Program Files\MiKTeX 2.9\tex\latex\pgf\utilities\xxcolor.sty"
Package: xxcolor 2003/10/24 ver 0.1
\XC@nummixins=\count118
\XC@countmixins=\count119
)
("C:\Program Files\MiKTeX 2.9\tex\generic\oberdiek\atbegshi.sty"
Package: atbegshi 2016/06/09 v1.18 At begin shipout hook (HO)

("C:\Program Files\MiKTeX 2.9\tex\generic\oberdiek\infwarerr.sty"
Package: infwarerr 2016/05/16 v1.4 Providing info/warning/error messages (HO)
)
("C:\Program Files\MiKTeX 2.9\tex\generic\oberdiek\ltxcmds.sty"
Package: ltxcmds 2016/05/16 v1.23 LaTeX kernel commands for general use (HO)
))
("C:\Program Files\MiKTeX 2.9\tex\latex\hyperref\hyperref.sty"
Package: hyperref 2018/02/06 v6.86b Hypertext links for LaTeX

("C:\Program Files\MiKTeX 2.9\tex\generic\oberdiek\hobsub-hyperref.sty"
Package: hobsub-hyperref 2016/05/16 v1.14 Bundle oberdiek, subset hyperref (HO)


("C:\Program Files\MiKTeX 2.9\tex\generic\oberdiek\hobsub-generic.sty"
Package: hobsub-generic 2016/05/16 v1.14 Bundle oberdiek, subset generic (HO)
Package: hobsub 2016/05/16 v1.14 Construct package bundles (HO)
Package hobsub Info: Skipping package `infwarerr' (already loaded).
Package hobsub Info: Skipping package `ltxcmds' (already loaded).
Package: ifluatex 2016/05/16 v1.4 Provides the ifluatex switch (HO)
Package ifluatex Info: LuaTeX not detected.
Package hobsub Info: Skipping package `ifvtex' (already loaded).
Package: intcalc 2016/05/16 v1.2 Expandable calculations with integers (HO)
Package hobsub Info: Skipping package `ifpdf' (already loaded).
Package: etexcmds 2016/05/16 v1.6 Avoid name clashes with e-TeX commands (HO)
Package etexcmds Info: Could not find \expanded.
(etexcmds)             That can mean that you are not using pdfTeX 1.50 or
(etexcmds)             that some package has redefined \expanded.
(etexcmds)             In the latter case, load this package earlier.
Package: kvsetkeys 2016/05/16 v1.17 Key value parser (HO)
Package: kvdefinekeys 2016/05/16 v1.4 Define keys (HO)
Package: pdftexcmds 2018/01/21 v0.26 Utility functions of pdfTeX for LuaTeX (HO
)
Package pdftexcmds Info: LuaTeX not detected.
Package pdftexcmds Info: pdfTeX >= 1.30 not detected.
Package pdftexcmds Info: \pdf@primitive is available.
Package pdftexcmds Info: \pdf@ifprimitive is available.
Package pdftexcmds Info: \pdfdraftmode not found.
Package: pdfescape 2016/05/16 v1.14 Implements pdfTeX's escape features (HO)
Package: bigintcalc 2016/05/16 v1.4 Expandable calculations on big integers (HO
)
Package: bitset 2016/05/16 v1.2 Handle bit-vector datatype (HO)
Package: uniquecounter 2016/05/16 v1.3 Provide unlimited unique counter (HO)
)
Package hobsub Info: Skipping package `hobsub' (already loaded).
Package: letltxmacro 2016/05/16 v1.5 Let assignment for LaTeX macros (HO)
Package: hopatch 2016/05/16 v1.3 Wrapper for package hooks (HO)
Package: xcolor-patch 2016/05/16 xcolor patch
Package: atveryend 2016/05/16 v1.9 Hooks at the very end of document (HO)
Package hobsub Info: Skipping package `atbegshi' (already loaded).
Package: refcount 2016/05/16 v3.5 Data extraction from label references (HO)
Package: hycolor 2016/05/16 v1.8 Color options for hyperref/bookmark (HO)
)
("C:\Program Files\MiKTeX 2.9\tex\latex\oberdiek\auxhook.sty"
Package: auxhook 2016/05/16 v1.4 Hooks for auxiliary files (HO)
)
("C:\Program Files\MiKTeX 2.9\tex\latex\oberdiek\kvoptions.sty"
Package: kvoptions 2016/05/16 v3.12 Key value format for package options (HO)
)
\@linkdim=\dimen163
\Hy@linkcounter=\count120
\Hy@pagecounter=\count121

("C:\Program Files\MiKTeX 2.9\tex\latex\hyperref\pd1enc.def"
File: pd1enc.def 2018/02/06 v6.86b Hyperref: PDFDocEncoding definition (HO)
)
\Hy@SavedSpaceFactor=\count122

("C:\Program Files\MiKTeX 2.9\tex\latex\00miktex\hyperref.cfg"
File: hyperref.cfg 2002/06/06 v1.2 hyperref configuration of TeXLive
)
Package hyperref Info: Option `bookmarks' set `true' on input line 4383.
Package hyperref Info: Option `bookmarksopen' set `true' on input line 4383.
Package hyperref Info: Option `implicit' set `false' on input line 4383.
Package hyperref Info: Hyper figures OFF on input line 4509.
Package hyperref Info: Link nesting OFF on input line 4514.
Package hyperref Info: Hyper index ON on input line 4517.
Package hyperref Info: Plain pages OFF on input line 4524.
Package hyperref Info: Backreferencing OFF on input line 4529.
Package hyperref Info: Implicit mode OFF; no redefinition of LaTeX internals.
Package hyperref Info: Bookmarks ON on input line 4762.
\c@Hy@tempcnt=\count123

("C:\Program Files\MiKTeX 2.9\tex\latex\url\url.sty"
\Urlmuskip=\muskip10
Package: url 2013/09/16  ver 3.4  Verb mode for urls, etc.
)
LaTeX Info: Redefining \url on input line 5115.
\XeTeXLinkMargin=\dimen164
\Fld@menulength=\count124
\Field@Width=\dimen165
\Fld@charsize=\dimen166
Package hyperref Info: Hyper figures OFF on input line 6369.
Package hyperref Info: Link nesting OFF on input line 6374.
Package hyperref Info: Hyper index ON on input line 6377.
Package hyperref Info: backreferencing OFF on input line 6384.
Package hyperref Info: Link coloring OFF on input line 6389.
Package hyperref Info: Link coloring with OCG OFF on input line 6394.
Package hyperref Info: PDF/A mode OFF on input line 6399.
LaTeX Info: Redefining \ref on input line 6439.
LaTeX Info: Redefining \pageref on input line 6443.
\Hy@abspage=\count125


Package hyperref Message: Stopped early.

)
Package hyperref Info: Driver (autodetected): hxetex.
 ("C:\Program Files\MiKTeX 2.9\tex\latex\hyperref\hxetex.def"
File: hxetex.def 2018/02/06 v6.86b Hyperref driver for XeTeX

("C:\Program Files\MiKTeX 2.9\tex\latex\hyperref\puenc.def"
File: puenc.def 2018/02/06 v6.86b Hyperref: PDF Unicode definition (HO)
)
("C:\Program Files\MiKTeX 2.9\tex\generic\oberdiek\stringenc.sty"
Package: stringenc 2016/05/16 v1.11 Convert strings between diff. encodings (HO
)
)
\pdfm@box=\box40
\c@Hy@AnnotLevel=\count126
\HyField@AnnotCount=\count127
\Fld@listcount=\count128
\c@bookmark@seq@number=\count129

("C:\Program Files\MiKTeX 2.9\tex\latex\oberdiek\rerunfilecheck.sty"
Package: rerunfilecheck 2016/05/16 v1.8 Rerun checks for auxiliary files (HO)
Package rerunfilecheck Info: Feature \pdfmdfivesum is not available
(rerunfilecheck)             (e.g. pdfTeX or LuaTeX with package `pdftexcmds').

(rerunfilecheck)             Therefore file contents cannot be checked efficien
tly
(rerunfilecheck)             and the loading of the package is aborted.
))
("C:\Program Files\MiKTeX 2.9\tex\generic\oberdiek\se-ascii-print.def"
File: se-ascii-print.def 2016/05/16 v1.11 stringenc: Printable ASCII characters

)
("C:\Program Files\MiKTeX 2.9\tex\latex\beamer\beamerbaserequires.sty"
("C:\Program Files\MiKTeX 2.9\tex\latex\beamer\beamerbasecompatibility.sty")
("C:\Program Files\MiKTeX 2.9\tex\latex\beamer\beamerbasefont.sty"
("C:\Program Files\MiKTeX 2.9\tex\latex\amsfonts\amssymb.sty"
Package: amssymb 2013/01/14 v3.01 AMS font symbols

("C:\Program Files\MiKTeX 2.9\tex\latex\amsfonts\amsfonts.sty"
Package: amsfonts 2013/01/14 v3.01 Basic AMSFonts support
\@emptytoks=\toks26
\symAMSa=\mathgroup4
\symAMSb=\mathgroup5
LaTeX Font Info:    Overwriting math alphabet `\mathfrak' in version `bold'
(Font)                  U/euf/m/n --> U/euf/b/n on input line 106.
))
("C:\Program Files\MiKTeX 2.9\tex\latex\sansmathaccent\sansmathaccent.sty"
Package: sansmathaccent 2013/03/28

("C:\Program Files\MiKTeX 2.9\tex\latex\filehook\filehook.sty"
Package: filehook 2011/10/12 v0.5d Hooks for input files
)))
("C:\Program Files\MiKTeX 2.9\tex\latex\beamer\beamerbasetranslator.sty"
("C:\Program Files\MiKTeX 2.9\tex\latex\translator\translator.sty"
Package: translator 2018/01/04 v1.12 Easy translation of strings in LaTeX
))
("C:\Program Files\MiKTeX 2.9\tex\latex\beamer\beamerbasemisc.sty")
("C:\Program Files\MiKTeX 2.9\tex\latex\beamer\beamerbasetwoscreens.sty")
("C:\Program Files\MiKTeX 2.9\tex\latex\beamer\beamerbaseoverlay.sty"
\beamer@argscount=\count130
\beamer@lastskipcover=\skip44
\beamer@trivlistdepth=\count131
)
("C:\Program Files\MiKTeX 2.9\tex\latex\beamer\beamerbasetitle.sty")
("C:\Program Files\MiKTeX 2.9\tex\latex\beamer\beamerbasesection.sty"
\c@lecture=\count132
\c@part=\count133
\c@section=\count134
\c@subsection=\count135
\c@subsubsection=\count136
)
("C:\Program Files\MiKTeX 2.9\tex\latex\beamer\beamerbaseframe.sty"
\beamer@framebox=\box41
\beamer@frametitlebox=\box42
\beamer@zoombox=\box43
\beamer@zoomcount=\count137
\beamer@zoomframecount=\count138
\beamer@frametextheight=\dimen167
\c@subsectionslide=\count139
\beamer@frametopskip=\skip45
\beamer@framebottomskip=\skip46
\beamer@frametopskipautobreak=\skip47
\beamer@framebottomskipautobreak=\skip48
\beamer@envbody=\toks27
\framewidth=\dimen168
\c@framenumber=\count140
)
("C:\Program Files\MiKTeX 2.9\tex\latex\beamer\beamerbaseverbatim.sty"
\beamer@verbatimfileout=\write4
)
("C:\Program Files\MiKTeX 2.9\tex\latex\beamer\beamerbaseframesize.sty"
\beamer@splitbox=\box44
\beamer@autobreakcount=\count141
\beamer@autobreaklastheight=\dimen169
\beamer@frametitletoks=\toks28
\beamer@framesubtitletoks=\toks29
)
("C:\Program Files\MiKTeX 2.9\tex\latex\beamer\beamerbaseframecomponents.sty"
\beamer@footins=\box45
)
("C:\Program Files\MiKTeX 2.9\tex\latex\beamer\beamerbasecolor.sty"
\beamer@bg@ht=\dimen170
\beamer@bg@wd=\dimen171
\beamer@bg@dp=\dimen172
)
("C:\Program Files\MiKTeX 2.9\tex\latex\beamer\beamerbasenotes.sty"
\beamer@frameboxcopy=\box46
)
("C:\Program Files\MiKTeX 2.9\tex\latex\beamer\beamerbasetoc.sty")
("C:\Program Files\MiKTeX 2.9\tex\latex\beamer\beamerbasetemplates.sty"
\beamer@sbttoks=\toks30

("C:\Program Files\MiKTeX 2.9\tex\latex\beamer\beamerbaseauxtemplates.sty"
("C:\Program Files\MiKTeX 2.9\tex\latex\beamer\beamerbaseboxes.sty"
\bmb@box=\box47
\bmb@colorbox=\box48
\bmb@boxshadow=\box49
\bmb@boxshadowball=\box50
\bmb@boxshadowballlarge=\box51
\bmb@temp=\dimen173
\bmb@dima=\dimen174
\bmb@dimb=\dimen175
\bmb@prevheight=\dimen176
)
\beamer@blockheadheight=\dimen177
))
("C:\Program Files\MiKTeX 2.9\tex\latex\beamer\beamerbaselocalstructure.sty"
("C:\Program Files\MiKTeX 2.9\tex\latex\tools\enumerate.sty"
Package: enumerate 2015/07/23 v3.00 enumerate extensions (DPC)
\@enLab=\toks31
)
\c@figure=\count142
\c@table=\count143
\abovecaptionskip=\skip49
\belowcaptionskip=\skip50
)
("C:\Program Files\MiKTeX 2.9\tex\latex\beamer\beamerbasenavigation.sty"
\beamer@section@min@dim=\dimen178
)
("C:\Program Files\MiKTeX 2.9\tex\latex\beamer\beamerbasetheorems.sty"
("C:\Program Files\MiKTeX 2.9\tex\latex\amsmath\amsmath.sty"
Package: amsmath 2017/09/02 v2.17a AMS math features
\@mathmargin=\skip51

For additional information on amsmath, use the `?' option.
("C:\Program Files\MiKTeX 2.9\tex\latex\amsmath\amstext.sty"
Package: amstext 2000/06/29 v2.01 AMS text

("C:\Program Files\MiKTeX 2.9\tex\latex\amsmath\amsgen.sty"
File: amsgen.sty 1999/11/30 v2.0 generic functions
\@emptytoks=\toks32
\ex@=\dimen179
))
("C:\Program Files\MiKTeX 2.9\tex\latex\amsmath\amsbsy.sty"
Package: amsbsy 1999/11/29 v1.2d Bold Symbols
\pmbraise@=\dimen180
)
("C:\Program Files\MiKTeX 2.9\tex\latex\amsmath\amsopn.sty"
Package: amsopn 2016/03/08 v2.02 operator names
)
\inf@bad=\count144
LaTeX Info: Redefining \frac on input line 213.
\uproot@=\count145
\leftroot@=\count146
LaTeX Info: Redefining \overline on input line 375.
\classnum@=\count147
\DOTSCASE@=\count148
LaTeX Info: Redefining \ldots on input line 472.
LaTeX Info: Redefining \dots on input line 475.
LaTeX Info: Redefining \cdots on input line 596.
\Mathstrutbox@=\box52
\strutbox@=\box53
\big@size=\dimen181
LaTeX Font Info:    Redeclaring font encoding OML on input line 712.
LaTeX Font Info:    Redeclaring font encoding OMS on input line 713.
\macc@depth=\count149
\c@MaxMatrixCols=\count150
\dotsspace@=\muskip11
\c@parentequation=\count151
\dspbrk@lvl=\count152
\tag@help=\toks33
\row@=\count153
\column@=\count154
\maxfields@=\count155
\andhelp@=\toks34
\eqnshift@=\dimen182
\alignsep@=\dimen183
\tagshift@=\dimen184
\tagwidth@=\dimen185
\totwidth@=\dimen186
\lineht@=\dimen187
\@envbody=\toks35
\multlinegap=\skip52
\multlinetaggap=\skip53
\mathdisplay@stack=\toks36
LaTeX Info: Redefining \[ on input line 2817.
LaTeX Info: Redefining \] on input line 2818.
)
("C:\Program Files\MiKTeX 2.9\tex\latex\amscls\amsthm.sty"
Package: amsthm 2017/10/31 v2.20.4
\thm@style=\toks37
\thm@bodyfont=\toks38
\thm@headfont=\toks39
\thm@notefont=\toks40
\thm@headpunct=\toks41
\thm@preskip=\skip54
\thm@postskip=\skip55
\thm@headsep=\skip56
\dth@everypar=\toks42
)
\c@theorem=\count156
)
("C:\Program Files\MiKTeX 2.9\tex\latex\beamer\beamerbasethemes.sty"))
("C:\Program Files\MiKTeX 2.9\tex\latex\beamer\beamerthemedefault.sty"
("C:\Program Files\MiKTeX 2.9\tex\latex\beamer\beamerfontthemedefault.sty")
("C:\Program Files\MiKTeX 2.9\tex\latex\beamer\beamercolorthemedefault.sty")
("C:\Program Files\MiKTeX 2.9\tex\latex\beamer\beamerinnerthemedefault.sty"
\beamer@dima=\dimen188
\beamer@dimb=\dimen189
)
("C:\Program Files\MiKTeX 2.9\tex\latex\beamer\beamerouterthemedefault.sty")))
("C:\Program Files\MiKTeX 2.9\tex\latex\beamer\beamerthemeMadrid.sty"
("C:\Program Files\MiKTeX 2.9\tex\latex\beamer\beamercolorthemewhale.sty")
("C:\Program Files\MiKTeX 2.9\tex\latex\beamer\beamercolorthemeorchid.sty")
("C:\Program Files\MiKTeX 2.9\tex\latex\beamer\beamerinnerthemerounded.sty")
("C:\Program Files\MiKTeX 2.9\tex\latex\beamer\beamerouterthemeinfolines.sty"))
("C:\Program Files\MiKTeX 2.9\tex\latex\base\inputenc.sty"
Package: inputenc 2015/03/17 v1.2c Input encoding file
\inpenc@prehook=\toks43
\inpenc@posthook=\toks44


Package inputenc Warning: inputenc package ignored with utf8 based engines.

) ("C:\Program Files\MiKTeX 2.9\tex\latex\textpos\textpos.sty"
Package: textpos 2016/06/07 v1.8

Package: textpos 2016/06/07 1.8, absolute positioning of text on the page
\TP@textbox=\box54
\TPHorizModule=\dimen190
\TPVertModule=\dimen191
\TP@margin=\dimen192
\TP@absmargin=\dimen193
Grid set 16 x 16 = 22.7622pt x 17.07166pt
\TPboxrulesize=\dimen194
\TP@tbargs=\toks45
\TP@prevdepth=\dimen195
) ("C:\Program Files\MiKTeX 2.9\tex\latex\animate\animate.sty"
Package: animate 2018/02/28 PDF animations from files and inline graphics

("C:\Program Files\MiKTeX 2.9\tex\latex\xkeyval\xkeyval.sty"
Package: xkeyval 2014/12/03 v2.7a package option processing (HA)

("C:\Program Files\MiKTeX 2.9\tex\generic\xkeyval\xkeyval.tex"
("C:\Program Files\MiKTeX 2.9\tex\generic\xkeyval\xkvutils.tex"
\XKV@toks=\toks46
\XKV@tempa@toks=\toks47
)
\XKV@depth=\count157
File: xkeyval.tex 2014/12/03 v2.7a key=value parser (HA)
))
("C:\Program Files\MiKTeX 2.9\tex\latex\base\ifthen.sty"
Package: ifthen 2014/09/29 v1.1c Standard LaTeX ifthen package (DPC)
)
("C:\Program Files\MiKTeX 2.9\tex\latex\oberdiek\ifdraft.sty"
Package: ifdraft 2016/05/16 v1.4 Detect class options draft and final (HO)
)
("C:\Program Files\MiKTeX 2.9\tex\latex\tools\calc.sty"
Package: calc 2014/10/28 v4.3 Infix arithmetic (KKT,FJ)
\calc@Acount=\count158
\calc@Bcount=\count159
\calc@Adimen=\dimen196
\calc@Bdimen=\dimen197
\calc@Askip=\skip57
\calc@Bskip=\skip58
LaTeX Info: Redefining \setlength on input line 80.
LaTeX Info: Redefining \addtolength on input line 81.
\calc@Ccount=\count160
\calc@Cskip=\skip59
)
("C:\Program Files\MiKTeX 2.9\tex\latex\media9\pdfbase.sty"
("C:\Program Files\MiKTeX 2.9\tex\latex\l3kernel\expl3.sty"
Package: expl3 2018/03/05 L3 programming layer (loader) 

("C:\Program Files\MiKTeX 2.9\tex\latex\l3kernel\expl3-code.tex"
Package: expl3 2018/03/05 L3 programming layer (code)
\c_max_int=\count161
\l_tmpa_int=\count162
\l_tmpb_int=\count163
\g_tmpa_int=\count164
\g_tmpb_int=\count165
\g__intarray_font_int=\count166
\g__prg_map_int=\count167
\c_log_iow=\count168
\l_iow_line_count_int=\count169
\l__iow_line_target_int=\count170
\l__iow_one_indent_int=\count171
\l__iow_indent_int=\count172
\c_zero_dim=\dimen198
\c_max_dim=\dimen199
\l_tmpa_dim=\dimen256
\l_tmpb_dim=\dimen257
\g_tmpa_dim=\dimen258
\g_tmpb_dim=\dimen259
\c_zero_skip=\skip60
\c_max_skip=\skip61
\l_tmpa_skip=\skip62
\l_tmpb_skip=\skip63
\g_tmpa_skip=\skip64
\g_tmpb_skip=\skip65
\c_zero_muskip=\muskip12
\c_max_muskip=\muskip13
\l_tmpa_muskip=\muskip14
\l_tmpb_muskip=\muskip15
\g_tmpa_muskip=\muskip16
\g_tmpb_muskip=\muskip17
\l_keys_choice_int=\count173
\c__fp_leading_shift_int=\count174
\c__fp_middle_shift_int=\count175
\c__fp_trailing_shift_int=\count176
\c__fp_big_leading_shift_int=\count177
\c__fp_big_middle_shift_int=\count178
\c__fp_big_trailing_shift_int=\count179
\c__fp_Bigg_leading_shift_int=\count180
\c__fp_Bigg_middle_shift_int=\count181
\c__fp_Bigg_trailing_shift_int=\count182
\l__sort_length_int=\count183
\l__sort_min_int=\count184
\l__sort_top_int=\count185
\l__sort_max_int=\count186
\l__sort_true_max_int=\count187
\l__sort_block_int=\count188
\l__sort_begin_int=\count189
\l__sort_end_int=\count190
\l__sort_A_int=\count191
\l__sort_B_int=\count192
\l__sort_C_int=\count193
\l__tl_build_start_index_int=\count194
\l__tl_build_index_int=\count195
\l__tl_analysis_normal_int=\count196
\l__tl_analysis_index_int=\count197
\l__tl_analysis_nesting_int=\count198
\l__tl_analysis_type_int=\count199
\l__regex_internal_a_int=\count266
\l__regex_internal_b_int=\count267
\l__regex_internal_c_int=\count268
\l__regex_balance_int=\count269
\l__regex_group_level_int=\count270
\l__regex_mode_int=\count271
\c__regex_cs_in_class_mode_int=\count272
\c__regex_cs_mode_int=\count273
\l__regex_catcodes_int=\count274
\l__regex_default_catcodes_int=\count275
\c__regex_catcode_L_int=\count276
\c__regex_catcode_O_int=\count277
\c__regex_catcode_A_int=\count278
\c__regex_all_catcodes_int=\count279
\l__regex_show_lines_int=\count280
\l__regex_min_state_int=\count281
\l__regex_max_state_int=\count282
\l__regex_left_state_int=\count283
\l__regex_right_state_int=\count284
\l__regex_capturing_group_int=\count285
\l__regex_min_pos_int=\count286
\l__regex_max_pos_int=\count287
\l__regex_curr_pos_int=\count288
\l__regex_start_pos_int=\count289
\l__regex_success_pos_int=\count290
\l__regex_curr_char_int=\count291
\l__regex_curr_catcode_int=\count292
\l__regex_last_char_int=\count293
\l__regex_case_changed_char_int=\count294
\l__regex_curr_state_int=\count295
\l__regex_step_int=\count296
\l__regex_min_active_int=\count297
\l__regex_max_active_int=\count298
\l__regex_replacement_csnames_int=\count299
\l__regex_match_count_int=\count300
\l__regex_min_submatch_int=\count301
\l__regex_submatch_int=\count302
\l__regex_zeroth_submatch_int=\count303
\g__regex_trace_regex_int=\count304
\c_empty_box=\box55
\l_tmpa_box=\box56
\l_tmpb_box=\box57
\g_tmpa_box=\box58
\g_tmpb_box=\box59
\l__box_top_dim=\dimen260
\l__box_bottom_dim=\dimen261
\l__box_left_dim=\dimen262
\l__box_right_dim=\dimen263
\l__box_top_new_dim=\dimen264
\l__box_bottom_new_dim=\dimen265
\l__box_left_new_dim=\dimen266
\l__box_right_new_dim=\dimen267
\l__box_internal_box=\box60
\l__coffin_internal_box=\box61
\l__coffin_internal_dim=\dimen268
\l__coffin_offset_x_dim=\dimen269
\l__coffin_offset_y_dim=\dimen270
\l__coffin_x_dim=\dimen271
\l__coffin_y_dim=\dimen272
\l__coffin_x_prime_dim=\dimen273
\l__coffin_y_prime_dim=\dimen274
\c_empty_coffin=\box62
\l__coffin_aligned_coffin=\box63
\l__coffin_aligned_internal_coffin=\box64
\l_tmpa_coffin=\box65
\l_tmpb_coffin=\box66
\l__coffin_display_coffin=\box67
\l__coffin_display_coord_coffin=\box68
\l__coffin_display_pole_coffin=\box69
\l__coffin_display_offset_dim=\dimen275
\l__coffin_display_x_dim=\dimen276
\l__coffin_display_y_dim=\dimen277
\l__coffin_bounding_shift_dim=\dimen278
\l__coffin_left_corner_dim=\dimen279
\l__coffin_right_corner_dim=\dimen280
\l__coffin_bottom_corner_dim=\dimen281
\l__coffin_top_corner_dim=\dimen282
\l__coffin_scaled_total_height_dim=\dimen283
\l__coffin_scaled_width_dim=\dimen284
)
("C:\Program Files\MiKTeX 2.9\tex\latex\l3kernel\l3xdvipdfmx.def"
File: l3xdvidpfmx.def 2017/03/18 v L3 Experimental driver: xdvipdfmx
\g__driver_image_int=\count305
))
("C:\Program Files\MiKTeX 2.9\tex\latex\l3packages\l3keys2e\l3keys2e.sty"
Package: l3keys2e 2018/02/21 LaTeX2e option processing using LaTeX3 keys
)
Package: pdfbase 2018/02/28 v0.21 driver independent access to low-level PDF fe
atures
\g_pbs_page_int=\count306
\g_pbs_obj_int=\count307
\g_pbs_oc_int=\count308
)
("C:\Program Files\MiKTeX 2.9\tex\latex\ocgx2\ocgbase.sty"
Package: ocgbase 2017/09/29 v0.12 support package for ocgx2.sty
\g_ocgbase_nd_int=\count309
)
\@anim@box=\box70
\@anim@measbox=\box71
\@anim@tmpdima=\dimen285
\@anim@tmpdimb=\dimen286
\@anim@num=\count310
\@anim@curframe=\count311
\@anim@curframe@zb=\count312
\@anim@resizeflags=\count313
\@anim@skipfram=\count314
\@anim@mulframecnt=\count315
\@anim@@tmlnfile=\read2
\@anim@tmpcnt=\count316
\c@@anim@ltxcnt=\count317
\@anim@curlayer=\count318
\@anim@lineno=\count319
\@anim@curfield=\count320
\@anim@@resizeflags=\count321
)
("C:\Program Files\MiKTeX 2.9\tex\latex\siunitx\siunitx.sty"
("C:\Program Files\MiKTeX 2.9\tex\latex\l3packages\xparse\xparse.sty"
Package: xparse 2018/02/21 L3 Experimental document command parser
\l__xparse_current_arg_int=\count322
\g__xparse_grabber_int=\count323
\l__xparse_m_args_int=\count324
\l__xparse_mandatory_args_int=\count325
\l__xparse_v_nesting_int=\count326
)
Package: siunitx 2018-03-20 v2.7m A comprehensive (SI) units package

("C:\Program Files\MiKTeX 2.9\tex\latex\tools\array.sty"
Package: array 2016/10/06 v2.4d Tabular extension package (FMi)
\col@sep=\dimen287
\extrarowheight=\dimen288
\NC@list=\toks48
\extratabsurround=\skip66
\backup@length=\skip67
)
\l__siunitx_tmp_box=\box72
\l__siunitx_tmp_dim=\dimen289
\l__siunitx_tmp_int=\count327
\l__siunitx_number_mantissa_length_int=\count328
\l__siunitx_number_uncert_length_int=\count329
\l__siunitx_round_int=\count330
\l__siunitx_process_decimal_int=\count331
\l__siunitx_process_uncertainty_int=\count332
\l__siunitx_process_fixed_int=\count333
\l__siunitx_process_integer_min_int=\count334
\l__siunitx_process_precision_int=\count335
\l__siunitx_group_min_int=\count336
\l__siunitx_angle_marker_box=\box73
\l__siunitx_angle_unit_box=\box74
\l__siunitx_angle_marker_dim=\dimen290
\l__siunitx_angle_unit_dim=\dimen291
\l__siunitx_unit_int=\count337
\l__siunitx_unit_denominator_int=\count338
\l__siunitx_unit_numerator_int=\count339
\l__siunitx_unit_prefix_int=\count340
\l__siunitx_unit_prefix_base_int=\count341
\l__siunitx_unit_prefix_gram_int=\count342
\l__siunitx_number_product_int=\count343
\c__siunitx_one_fill_skip=\skip68
\l__siunitx_table_unit_align_skip=\skip69
\l__siunitx_table_exponent_dim=\dimen292
\l__siunitx_table_integer_dim=\dimen293
\l__siunitx_table_mantissa_dim=\dimen294
\l__siunitx_table_marker_dim=\dimen295
\l__siunitx_table_result_dim=\dimen296
\l__siunitx_table_uncert_dim=\dimen297
\l__siunitx_table_fill_pre_dim=\dimen298
\l__siunitx_table_fill_post_dim=\dimen299
\l__siunitx_table_fill_mid_dim=\dimen300
\l__siunitx_table_pre_box=\box75
\l__siunitx_table_post_box=\box76
\l__siunitx_table_mantissa_box=\box77
\l__siunitx_table_result_box=\box78
\l__siunitx_table_number_align_skip=\skip70
\l__siunitx_table_text_align_skip=\skip71
.................................................
. LaTeX info: "xparse/define-command"
. 
. Defining command \DeclareBinaryPrefix with sig. 'mmm' on line 7244.
.................................................
.................................................
. LaTeX info: "xparse/define-command"
. 
. Defining command \DeclareSIPostPower with sig. 'mm' on line 7247.
.................................................
.................................................
. LaTeX info: "xparse/define-command"
. 
. Defining command \DeclareSIPrefix with sig. 'mmm' on line 7250.
.................................................
.................................................
. LaTeX info: "xparse/define-command"
. 
. Defining command \DeclareSIPrePower with sig. 'mm' on line 7253.
.................................................
.................................................
. LaTeX info: "xparse/define-command"
. 
. Defining command \DeclareSIQualifier with sig. 'mm' on line 7256.
.................................................
.................................................
. LaTeX info: "xparse/define-command"
. 
. Defining command \DeclareSIUnit with sig. 'O{}mm' on line 7259.
.................................................
.................................................
. LaTeX info: "xparse/define-command"
. 
. Defining command \DeclareSIUnitWithOptions with sig. 'mmm' on line 7262.
.................................................
.................................................
. LaTeX info: "xparse/define-command"
. 
. Defining command \ang with sig. 'o>{\SplitArgument {2}{;}}m' on line 7277.
.................................................
.................................................
. LaTeX info: "xparse/define-command"
. 
. Defining command \num with sig. 'om' on line 7286.
.................................................
.................................................
. LaTeX info: "xparse/define-command"
. 
. Defining command \numlist with sig. 'o>{\SplitList {;}}m' on line 7295.
.................................................
.................................................
. LaTeX info: "xparse/define-command"
. 
. Defining command \numrange with sig. 'omm' on line 7304.
.................................................
.................................................
. LaTeX info: "xparse/define-command"
. 
. Defining command \SIlist with sig. 'o>{\SplitList {;}}mm' on line 7316.
.................................................
.................................................
. LaTeX info: "xparse/define-command"
. 
. Defining command \SIrange with sig. 'ommm' on line 7328.
.................................................
.................................................
. LaTeX info: "xparse/define-command"
. 
. Defining command \SI with sig. 'omom' on line 7340.
.................................................
.................................................
. LaTeX info: "xparse/define-command"
. 
. Defining command \sisetup with sig. 'm' on line 7343.
.................................................
.................................................
. LaTeX info: "xparse/define-command"
. 
. Defining command \tablenum with sig. 'om' on line 7358.
.................................................
.................................................
. LaTeX info: "xparse/define-command"
. 
. Defining command \si with sig. 'om' on line 7370.
.................................................
.................................................
. LaTeX info: "xparse/define-command"
. 
. Defining command \numInBookmark with sig. 'om' on line 7417.
.................................................
.................................................
. LaTeX info: "xparse/define-command"
. 
. Defining command \numrangeInBookmark with sig. 'omm' on line 7419.
.................................................
.................................................
. LaTeX info: "xparse/define-command"
. 
. Defining command \SIInBookmark with sig. 'omom' on line 7421.
.................................................
.................................................
. LaTeX info: "xparse/define-command"
. 
. Defining command \SIlistInBookmark with sig. 'omm' on line 7423.
.................................................
.................................................
. LaTeX info: "xparse/define-command"
. 
. Defining command \SIrangeInBookmark with sig. 'ommm' on line 7425.
.................................................
.................................................
. LaTeX info: "xparse/define-command"
. 
. Defining command \siInBookmark with sig. 'om' on line 7426.
.................................................
\g__file_internal_ior=\read3
)
("C:\Program Files\MiKTeX 2.9\tex\latex\mathtools\mathtools.sty"
Package: mathtools 2018/01/08 v1.21 mathematical typesetting tools

("C:\Program Files\MiKTeX 2.9\tex\latex\mathtools\mhsetup.sty"
Package: mhsetup 2017/03/31 v1.3 programming setup (MH)
)
LaTeX Info: Thecontrolsequence`\('isalreadyrobust on input line 129.
LaTeX Info: Thecontrolsequence`\)'isalreadyrobust on input line 129.
LaTeX Info: Thecontrolsequence`\['isalreadyrobust on input line 129.
LaTeX Info: Thecontrolsequence`\]'isalreadyrobust on input line 129.
\g_MT_multlinerow_int=\count344
\l_MT_multwidth_dim=\dimen301
\origjot=\skip72
\l_MT_shortvdotswithinadjustabove_dim=\dimen302
\l_MT_shortvdotswithinadjustbelow_dim=\dimen303
\l_MT_above_intertext_sep=\dimen304
\l_MT_below_intertext_sep=\dimen305
\l_MT_above_shortintertext_sep=\dimen306
\l_MT_below_shortintertext_sep=\dimen307
)
\sympureletters=\mathgroup6
LaTeX Font Info:    Overwriting symbol font `pureletters' in version `bold'
(Font)                  OT1/mathkerncmss/m/sl --> OT1/mathkerncmss/bx/sl on inp
ut line 14.

("C:\Program Files\MiKTeX 2.9\tex\latex\tools\bm.sty"
Package: bm 2017/01/16 v1.2c Bold Symbol Support (DPC/FMi)
\symboldoperators=\mathgroup7
\symboldletters=\mathgroup8
\symboldsymbols=\mathgroup9
\symboldpureletters=\mathgroup10
LaTeX Font Info:    Redeclaring math alphabet \mathbf on input line 141.
LaTeX Info: Redefining \bm on input line 207.
)
("C:\Program Files\MiKTeX 2.9\tex\latex\tools\xspace.sty"
Package: xspace 2014/10/28 v1.13 Space after command names (DPC,MH)
)
("C:\Program Files\MiKTeX 2.9\tex\latex\soul\soul.sty"
Package: soul 2003/11/17 v2.4 letterspacing/underlining (mf)
\SOUL@word=\toks49
\SOUL@lasttoken=\toks50
\SOUL@cmds=\toks51
\SOUL@buffer=\toks52
\SOUL@token=\toks53
\SOUL@spaceskip=\skip73
\SOUL@ttwidth=\dimen308
\SOUL@uldp=\dimen309
\SOUL@ulht=\dimen310
)) (pres.aux)
\openout1 = `pres.aux'.

LaTeX Font Info:    Checking defaults for OML/cmm/m/it on input line 3.
LaTeX Font Info:    ... okay on input line 3.
LaTeX Font Info:    Checking defaults for T1/cmr/m/n on input line 3.
LaTeX Font Info:    ... okay on input line 3.
LaTeX Font Info:    Checking defaults for OT1/cmr/m/n on input line 3.
LaTeX Font Info:    ... okay on input line 3.
LaTeX Font Info:    Checking defaults for OMS/cmsy/m/n on input line 3.
LaTeX Font Info:    ... okay on input line 3.
LaTeX Font Info:    Checking defaults for TU/lmr/m/n on input line 3.
LaTeX Font Info:    ... okay on input line 3.
LaTeX Font Info:    Checking defaults for OMX/cmex/m/n on input line 3.
LaTeX Font Info:    ... okay on input line 3.
LaTeX Font Info:    Checking defaults for U/cmr/m/n on input line 3.
LaTeX Font Info:    ... okay on input line 3.
LaTeX Font Info:    Checking defaults for PD1/pdf/m/n on input line 3.
LaTeX Font Info:    ... okay on input line 3.
LaTeX Font Info:    Checking defaults for PU/pdf/m/n on input line 3.
LaTeX Font Info:    ... okay on input line 3.

*geometry* detected driver: pdftex
*geometry* verbose mode - [ preamble ] result:
* driver: pdftex
* paper: custom
* layout: <same size as paper>
* layoutoffset:(h,v)=(0.0pt,0.0pt)
* modes: includehead includefoot 
* h-part:(L,W,R)=(10.95pt, 342.29536pt, 10.95pt)
* v-part:(T,H,B)=(0.0pt, 273.14662pt, 0.0pt)
* \paperwidth=364.19536pt
* \paperheight=273.14662pt
* \textwidth=342.29536pt
* \textheight=244.6939pt
* \oddsidemargin=-61.31999pt
* \evensidemargin=-61.31999pt
* \topmargin=-72.26999pt
* \headheight=14.22636pt
* \headsep=0.0pt
* \topskip=11.0pt
* \footskip=14.22636pt
* \marginparwidth=4.0pt
* \marginparsep=10.0pt
* \columnsep=10.0pt
* \skip\footins=10.0pt plus 4.0pt minus 2.0pt
* \hoffset=0.0pt
* \voffset=0.0pt
* \mag=1000
* \@twocolumnfalse
* \@twosidefalse
* \@mparswitchfalse
* \@reversemarginfalse
* (1in=72.27pt=25.4mm, 1cm=28.453pt)

ABD: EveryShipout initializing macros
\AtBeginShipoutBox=\box79
Package hyperref Info: Link coloring OFF on input line 3.

("C:\Program Files\MiKTeX 2.9\tex\latex\hyperref\nameref.sty"
Package: nameref 2016/05/21 v2.44 Cross-referencing by name of section

("C:\Program Files\MiKTeX 2.9\tex\generic\oberdiek\gettitlestring.sty"
Package: gettitlestring 2016/05/16 v1.5 Cleanup title references (HO)
)
\c@section@level=\count345
)
LaTeX Info: Redefining \ref on input line 3.
LaTeX Info: Redefining \pageref on input line 3.
LaTeX Info: Redefining \nameref on input line 3.

(pres.out) (pres.out)
\@outlinefile=\write5
\openout5 = `pres.out'.

LaTeX Font Info:    Overwriting symbol font `operators' in version `normal'
(Font)                  OT1/cmr/m/n --> OT1/cmss/m/n on input line 3.
LaTeX Font Info:    Overwriting symbol font `operators' in version `bold'
(Font)                  OT1/cmr/bx/n --> OT1/cmss/bx/n on input line 3.
\symnumbers=\mathgroup11
LaTeX Font Info:    Redeclaring symbol font `pureletters' on input line 3.
LaTeX Font Info:    Encoding `OT1' has changed to `TU' for symbol font
(Font)              `pureletters' in the math version `normal' on input line 3.

LaTeX Font Info:    Overwriting symbol font `pureletters' in version `normal'
(Font)                  OT1/mathkerncmss/m/sl --> TU/lmss/m/it on input line 3.

LaTeX Font Info:    Encoding `OT1' has changed to `TU' for symbol font
(Font)              `pureletters' in the math version `bold' on input line 3.
LaTeX Font Info:    Overwriting symbol font `pureletters' in version `bold'
(Font)                  OT1/mathkerncmss/bx/sl --> TU/lmss/m/it on input line 3
.
LaTeX Font Info:    Overwriting math alphabet `\mathrm' in version `normal'
(Font)                  OT1/cmss/m/n --> TU/lmr/m/n on input line 3.
LaTeX Font Info:    Redeclaring math alphabet \mathbf on input line 3.
LaTeX Font Info:    Redeclaring math alphabet \mathsf on input line 3.
LaTeX Font Info:    Overwriting math alphabet `\mathsf' in version `normal'
(Font)                  OT1/cmss/m/n --> TU/lmss/m/n on input line 3.
LaTeX Font Info:    Overwriting math alphabet `\mathsf' in version `bold'
(Font)                  OT1/cmss/bx/n --> TU/lmss/m/n on input line 3.
LaTeX Font Info:    Redeclaring math alphabet \mathit on input line 3.
LaTeX Font Info:    Overwriting math alphabet `\mathit' in version `normal'
(Font)                  OT1/cmr/m/it --> TU/lmss/m/it on input line 3.
LaTeX Font Info:    Overwriting math alphabet `\mathit' in version `bold'
(Font)                  OT1/cmr/bx/it --> TU/lmss/m/it on input line 3.
LaTeX Font Info:    Redeclaring math alphabet \mathtt on input line 3.
LaTeX Font Info:    Overwriting math alphabet `\mathtt' in version `normal'
(Font)                  OT1/cmtt/m/n --> TU/lmtt/m/n on input line 3.
LaTeX Font Info:    Overwriting math alphabet `\mathtt' in version `bold'
(Font)                  OT1/cmtt/m/n --> TU/lmtt/m/n on input line 3.
LaTeX Font Info:    Overwriting symbol font `numbers' in version `bold'
(Font)                  TU/lmss/m/n --> TU/lmss/bx/n on input line 3.
LaTeX Font Info:    Overwriting symbol font `pureletters' in version `bold'
(Font)                  TU/lmss/m/it --> TU/lmss/bx/it on input line 3.
LaTeX Font Info:    Overwriting math alphabet `\mathrm' in version `bold'
(Font)                  OT1/cmss/bx/n --> TU/lmr/bx/n on input line 3.
LaTeX Font Info:    Overwriting math alphabet `\mathbf' in version `bold'
(Font)                  TU/lmss/bx/n --> TU/lmss/bx/n on input line 3.
LaTeX Font Info:    Overwriting math alphabet `\mathsf' in version `bold'
(Font)                  TU/lmss/m/n --> TU/lmss/bx/n on input line 3.
LaTeX Font Info:    Overwriting math alphabet `\mathit' in version `bold'
(Font)                  TU/lmss/m/it --> TU/lmss/bx/it on input line 3.
LaTeX Font Info:    Overwriting math alphabet `\mathtt' in version `bold'
(Font)                  TU/lmtt/m/n --> TU/lmtt/bx/n on input line 3.
LaTeX Font Info:    Redeclaring symbol font `boldpureletters' on input line 3.
LaTeX Font Info:    Encoding `OT1' has changed to `TU' for symbol font
(Font)              `boldpureletters' in the math version `normal' on input lin
e 3.
LaTeX Font Info:    Overwriting symbol font `boldpureletters' in version `norma
l'
(Font)                  OT1/mathkerncmss/bx/sl --> TU/lmss/bx/it on input line 
3.
LaTeX Font Info:    Encoding `OT1' has changed to `TU' for symbol font
(Font)              `boldpureletters' in the math version `bold' on input line 
3.
LaTeX Font Info:    Overwriting symbol font `boldpureletters' in version `bold'

(Font)                  OT1/mathkerncmss/bx/sl --> TU/lmss/bx/it on input line 
3.

("C:\Program Files\MiKTeX 2.9\tex\latex\translator\translator-basic-dictionary-
English.dict"
Dictionary: translator-basic-dictionary, Language: English 
)
("C:\Program Files\MiKTeX 2.9\tex\latex\translator\translator-bibliography-dict
ionary-English.dict"
Dictionary: translator-bibliography-dictionary, Language: English 
)
("C:\Program Files\MiKTeX 2.9\tex\latex\translator\translator-environment-dicti
onary-English.dict"
Dictionary: translator-environment-dictionary, Language: English 
)
("C:\Program Files\MiKTeX 2.9\tex\latex\translator\translator-months-dictionary
-English.dict"
Dictionary: translator-months-dictionary, Language: English 
)
("C:\Program Files\MiKTeX 2.9\tex\latex\translator\translator-numbers-dictionar
y-English.dict"
Dictionary: translator-numbers-dictionary, Language: English 
)
("C:\Program Files\MiKTeX 2.9\tex\latex\translator\translator-theorem-dictionar
y-English.dict"
Dictionary: translator-theorem-dictionary, Language: English 
)
("C:\Program Files\MiKTeX 2.9\tex\latex\siunitx\siunitx-abbreviations.cfg"
File: siunitx-abbreviations.cfg 2017/11/26 v2.7k siunitx: Abbreviated units
)
(pres.nav)
LaTeX Font Info:    Try loading font information for U+msa on input line 3.
 ("C:\Program Files\MiKTeX 2.9\tex\latex\amsfonts\umsa.fd"
File: umsa.fd 2013/01/14 v3.01 AMS symbols A
)
LaTeX Font Info:    Try loading font information for U+msb on input line 3.

("C:\Program Files\MiKTeX 2.9\tex\latex\amsfonts\umsb.fd"
File: umsb.fd 2013/01/14 v3.01 AMS symbols B
)
LaTeX Font Info:    Font shape `TU/lmss/m/it' in size <10.95> not available
(Font)              Font shape `TU/lmss/m/sl' tried instead on input line 3.
LaTeX Font Info:    Font shape `TU/lmss/m/it' in size <8> not available
(Font)              Font shape `TU/lmss/m/sl' tried instead on input line 3.
LaTeX Font Info:    Font shape `TU/lmss/m/it' in size <6> not available
(Font)              Font shape `TU/lmss/m/sl' tried instead on input line 3.
LaTeX Font Info:    Font shape `TU/lmss/bx/it' in size <10.95> not available
(Font)              Font shape `TU/lmss/bx/sl' tried instead on input line 3.
LaTeX Font Info:    Font shape `TU/lmss/bx/it' in size <8> not available
(Font)              Font shape `TU/lmss/bx/sl' tried instead on input line 3.
LaTeX Font Info:    Font shape `TU/lmss/bx/it' in size <6> not available
(Font)              Font shape `TU/lmss/bx/sl' tried instead on input line 3.
File: figures/ubc-logo.png Graphic file (type bmp)
<figures/ubc-logo.png>
File: figures/UBC-MRI-logo.png Graphic file (type bmp)
<figures/UBC-MRI-logo.png>

Overfull \hbox (23.08209pt too wide) in paragraph at lines 13--13
[][]  
 []

[1



]
File: gifs/HahnEcho_GWM-0.png Graphic file (type bmp)
<gifs/HahnEcho_GWM-0.png>
 <a0,fr0>
File: gifs/HahnEcho_GWM-1.png Graphic file (type bmp)
<gifs/HahnEcho_GWM-1.png>
 <a0,fr1>
File: gifs/HahnEcho_GWM-2.png Graphic file (type bmp)
<gifs/HahnEcho_GWM-2.png>
 <a0,fr2>
File: gifs/HahnEcho_GWM-3.png Graphic file (type bmp)
<gifs/HahnEcho_GWM-3.png>
 <a0,fr3>
File: gifs/HahnEcho_GWM-4.png Graphic file (type bmp)
<gifs/HahnEcho_GWM-4.png>
 <a0,fr4>
File: gifs/HahnEcho_GWM-5.png Graphic file (type bmp)
<gifs/HahnEcho_GWM-5.png>
 <a0,fr5>
File: gifs/HahnEcho_GWM-6.png Graphic file (type bmp)
<gifs/HahnEcho_GWM-6.png>
 <a0,fr6>
File: gifs/HahnEcho_GWM-7.png Graphic file (type bmp)
<gifs/HahnEcho_GWM-7.png>
 <a0,fr7>
File: gifs/HahnEcho_GWM-8.png Graphic file (type bmp)
<gifs/HahnEcho_GWM-8.png>

<a0,fr8>
File: gifs/HahnEcho_GWM-9.png Graphic file (type bmp)
<gifs/HahnEcho_GWM-9.png>
 <a0,fr9>
File: gifs/HahnEcho_GWM-10.png Graphic file (type bmp)
<gifs/HahnEcho_GWM-10.png>
 <a0,fr10>
File: gifs/HahnEcho_GWM-11.png Graphic file (type bmp)
<gifs/HahnEcho_GWM-11.png>
 <a0,fr11>
File: gifs/HahnEcho_GWM-12.png Graphic file (type bmp)
<gifs/HahnEcho_GWM-12.png>
 <a0,fr12>
File: gifs/HahnEcho_GWM-13.png Graphic file (type bmp)
<gifs/HahnEcho_GWM-13.png>
 <a0,fr13>
File: gifs/HahnEcho_GWM-14.png Graphic file (type bmp)
<gifs/HahnEcho_GWM-14.png>
 <a0,fr14>
File: gifs/HahnEcho_GWM-15.png Graphic file (type bmp)
<gifs/HahnEcho_GWM-15.png>
 <a0,fr15>
File: gifs/HahnEcho_GWM-16.png Graphic file (type bmp)
<gifs/HahnEcho_GWM-16.png>

<a0,fr16>
File: gifs/HahnEcho_GWM-17.png Graphic file (type bmp)
<gifs/HahnEcho_GWM-17.png>
 <a0,fr17>
File: gifs/HahnEcho_GWM-18.png Graphic file (type bmp)
<gifs/HahnEcho_GWM-18.png>
 <a0,fr18>
File: gifs/HahnEcho_GWM-19.png Graphic file (type bmp)
<gifs/HahnEcho_GWM-19.png>
 <a0,fr19>
File: gifs/HahnEcho_GWM-20.png Graphic file (type bmp)
<gifs/HahnEcho_GWM-20.png>
 <a0,fr20>
File: gifs/HahnEcho_GWM-21.png Graphic file (type bmp)
<gifs/HahnEcho_GWM-21.png>
 <a0,fr21>
File: gifs/HahnEcho_GWM-22.png Graphic file (type bmp)
<gifs/HahnEcho_GWM-22.png>
 <a0,fr22>
File: gifs/HahnEcho_GWM-23.png Graphic file (type bmp)
<gifs/HahnEcho_GWM-23.png>

<a0,fr23>
File: gifs/HahnEcho_GWM-24.png Graphic file (type bmp)
<gifs/HahnEcho_GWM-24.png>
 <a0,fr24>
File: gifs/HahnEcho_GWM-25.png Graphic file (type bmp)
<gifs/HahnEcho_GWM-25.png>
 <a0,fr25>
File: gifs/HahnEcho_GWM-26.png Graphic file (type bmp)
<gifs/HahnEcho_GWM-26.png>
 <a0,fr26>
File: gifs/HahnEcho_GWM-27.png Graphic file (type bmp)
<gifs/HahnEcho_GWM-27.png>
 <a0,fr27>
File: gifs/HahnEcho_GWM-28.png Graphic file (type bmp)
<gifs/HahnEcho_GWM-28.png>
 <a0,fr28>
File: gifs/HahnEcho_GWM-29.png Graphic file (type bmp)
<gifs/HahnEcho_GWM-29.png>
 <a0,fr29>
File: gifs/HahnEcho_GWM-30.png Graphic file (type bmp)
<gifs/HahnEcho_GWM-30.png>

<a0,fr30>
File: gifs/HahnEcho_GWM-31.png Graphic file (type bmp)
<gifs/HahnEcho_GWM-31.png>
 <a0,fr31>
File: gifs/HahnEcho_GWM-32.png Graphic file (type bmp)
<gifs/HahnEcho_GWM-32.png>
 <a0,fr32>
File: gifs/HahnEcho_GWM-33.png Graphic file (type bmp)
<gifs/HahnEcho_GWM-33.png>
 <a0,fr33>
File: gifs/HahnEcho_GWM-34.png Graphic file (type bmp)
<gifs/HahnEcho_GWM-34.png>
 <a0,fr34>
File: gifs/HahnEcho_GWM-35.png Graphic file (type bmp)
<gifs/HahnEcho_GWM-35.png>
 <a0,fr35>
File: gifs/HahnEcho_GWM-36.png Graphic file (type bmp)
<gifs/HahnEcho_GWM-36.png>
 <a0,fr36>
File: gifs/HahnEcho_GWM-37.png Graphic file (type bmp)
<gifs/HahnEcho_GWM-37.png>

<a0,fr37>
File: gifs/HahnEcho_GWM-38.png Graphic file (type bmp)
<gifs/HahnEcho_GWM-38.png>
 <a0,fr38>
File: gifs/HahnEcho_GWM-39.png Graphic file (type bmp)
<gifs/HahnEcho_GWM-39.png>
 <a0,fr39>
File: gifs/HahnEcho_GWM-40.png Graphic file (type bmp)
<gifs/HahnEcho_GWM-40.png>
 <a0,fr40>
File: gifs/HahnEcho_GWM-41.png Graphic file (type bmp)
<gifs/HahnEcho_GWM-41.png>
 <a0,fr41>
File: gifs/HahnEcho_GWM-42.png Graphic file (type bmp)
<gifs/HahnEcho_GWM-42.png>
 <a0,fr42>
File: gifs/HahnEcho_GWM-43.png Graphic file (type bmp)
<gifs/HahnEcho_GWM-43.png>
 <a0,fr43>
File: gifs/HahnEcho_GWM-44.png Graphic file (type bmp)
<gifs/HahnEcho_GWM-44.png>

<a0,fr44>
File: gifs/HahnEcho_GWM-45.png Graphic file (type bmp)
<gifs/HahnEcho_GWM-45.png>
 <a0,fr45>
File: gifs/HahnEcho_GWM-46.png Graphic file (type bmp)
<gifs/HahnEcho_GWM-46.png>
 <a0,fr46>
File: gifs/HahnEcho_GWM-47.png Graphic file (type bmp)
<gifs/HahnEcho_GWM-47.png>
 <a0,fr47>
File: gifs/HahnEcho_GWM-48.png Graphic file (type bmp)
<gifs/HahnEcho_GWM-48.png>
 <a0,fr48>
File: gifs/HahnEcho_GWM-49.png Graphic file (type bmp)
<gifs/HahnEcho_GWM-49.png>
 <a0,fr49>
File: gifs/HahnEcho_GWM-50.png Graphic file (type bmp)
<gifs/HahnEcho_GWM-50.png>
 <a0,fr50>
File: gifs/HahnEcho_GWM-51.png Graphic file (type bmp)
<gifs/HahnEcho_GWM-51.png>

<a0,fr51>
File: gifs/HahnEcho_GWM-52.png Graphic file (type bmp)
<gifs/HahnEcho_GWM-52.png>
 <a0,fr52>
File: gifs/HahnEcho_GWM-53.png Graphic file (type bmp)
<gifs/HahnEcho_GWM-53.png>
 <a0,fr53>
File: gifs/HahnEcho_GWM-54.png Graphic file (type bmp)
<gifs/HahnEcho_GWM-54.png>
 <a0,fr54>
File: gifs/HahnEcho_GWM-55.png Graphic file (type bmp)
<gifs/HahnEcho_GWM-55.png>
 <a0,fr55>
File: gifs/HahnEcho_GWM-56.png Graphic file (type bmp)
<gifs/HahnEcho_GWM-56.png>
 <a0,fr56>
File: gifs/HahnEcho_GWM-57.png Graphic file (type bmp)
<gifs/HahnEcho_GWM-57.png>
 <a0,fr57>
File: gifs/HahnEcho_GWM-58.png Graphic file (type bmp)
<gifs/HahnEcho_GWM-58.png>

<a0,fr58>
File: gifs/HahnEcho_GWM-59.png Graphic file (type bmp)
<gifs/HahnEcho_GWM-59.png>
 <a0,fr59>
File: gifs/HahnEcho_GWM-60.png Graphic file (type bmp)
<gifs/HahnEcho_GWM-60.png>
 <a0,fr60>
File: gifs/HahnEcho_GWM-61.png Graphic file (type bmp)
<gifs/HahnEcho_GWM-61.png>
 <a0,fr61>
File: gifs/HahnEcho_GWM-62.png Graphic file (type bmp)
<gifs/HahnEcho_GWM-62.png>
 <a0,fr62>
File: gifs/HahnEcho_GWM-63.png Graphic file (type bmp)
<gifs/HahnEcho_GWM-63.png>
 <a0,fr63>
File: gifs/HahnEcho_GWM-64.png Graphic file (type bmp)
<gifs/HahnEcho_GWM-64.png>
 <a0,fr64>
File: gifs/HahnEcho_GWM-65.png Graphic file (type bmp)
<gifs/HahnEcho_GWM-65.png>

<a0,fr65>
File: gifs/HahnEcho_GWM-66.png Graphic file (type bmp)
<gifs/HahnEcho_GWM-66.png>
 <a0,fr66>
File: gifs/HahnEcho_GWM-67.png Graphic file (type bmp)
<gifs/HahnEcho_GWM-67.png>
 <a0,fr67>
File: gifs/HahnEcho_GWM-68.png Graphic file (type bmp)
<gifs/HahnEcho_GWM-68.png>
 <a0,fr68>
File: gifs/HahnEcho_GWM-69.png Graphic file (type bmp)
<gifs/HahnEcho_GWM-69.png>
 <a0,fr69>
File: gifs/HahnEcho_GWM-70.png Graphic file (type bmp)
<gifs/HahnEcho_GWM-70.png>
 <a0,fr70>
File: gifs/HahnEcho_GWM-71.png Graphic file (type bmp)
<gifs/HahnEcho_GWM-71.png>
 <a0,fr71>
File: gifs/HahnEcho_GWM-72.png Graphic file (type bmp)
<gifs/HahnEcho_GWM-72.png>

<a0,fr72>
File: gifs/HahnEcho_GWM-73.png Graphic file (type bmp)
<gifs/HahnEcho_GWM-73.png>
 <a0,fr73>
File: gifs/HahnEcho_GWM-74.png Graphic file (type bmp)
<gifs/HahnEcho_GWM-74.png>
 <a0,fr74>
File: gifs/HahnEcho_GWM-75.png Graphic file (type bmp)
<gifs/HahnEcho_GWM-75.png>
 <a0,fr75>
File: gifs/HahnEcho_GWM-76.png Graphic file (type bmp)
<gifs/HahnEcho_GWM-76.png>
 <a0,fr76>
File: gifs/HahnEcho_GWM-77.png Graphic file (type bmp)
<gifs/HahnEcho_GWM-77.png>
 <a0,fr77>
File: gifs/HahnEcho_GWM-78.png Graphic file (type bmp)
<gifs/HahnEcho_GWM-78.png>
 <a0,fr78>
File: gifs/HahnEcho_GWM-79.png Graphic file (type bmp)
<gifs/HahnEcho_GWM-79.png>

<a0,fr79>
File: gifs/HahnEcho_GWM-80.png Graphic file (type bmp)
<gifs/HahnEcho_GWM-80.png>
 <a0,fr80>
File: gifs/HahnEcho_GWM-81.png Graphic file (type bmp)
<gifs/HahnEcho_GWM-81.png>
 <a0,fr81>
File: gifs/HahnEcho_GWM-82.png Graphic file (type bmp)
<gifs/HahnEcho_GWM-82.png>
 <a0,fr82>
File: gifs/HahnEcho_GWM-83.png Graphic file (type bmp)
<gifs/HahnEcho_GWM-83.png>
 <a0,fr83>
File: gifs/HahnEcho_GWM-84.png Graphic file (type bmp)
<gifs/HahnEcho_GWM-84.png>
 <a0,fr84>
File: gifs/HahnEcho_GWM-85.png Graphic file (type bmp)
<gifs/HahnEcho_GWM-85.png>
 <a0,fr85>
File: gifs/HahnEcho_GWM-86.png Graphic file (type bmp)
<gifs/HahnEcho_GWM-86.png>

<a0,fr86>
File: gifs/HahnEcho_GWM-87.png Graphic file (type bmp)
<gifs/HahnEcho_GWM-87.png>
 <a0,fr87>
File: gifs/HahnEcho_GWM-88.png Graphic file (type bmp)
<gifs/HahnEcho_GWM-88.png>
 <a0,fr88>
File: gifs/HahnEcho_GWM-89.png Graphic file (type bmp)
<gifs/HahnEcho_GWM-89.png>
 <a0,fr89>
File: gifs/HahnEcho_GWM-90.png Graphic file (type bmp)
<gifs/HahnEcho_GWM-90.png>
 <a0,fr90>
File: gifs/HahnEcho_GWM-91.png Graphic file (type bmp)
<gifs/HahnEcho_GWM-91.png>
 <a0,fr91>
File: gifs/HahnEcho_GWM-92.png Graphic file (type bmp)
<gifs/HahnEcho_GWM-92.png>
 <a0,fr92>
File: gifs/HahnEcho_GWM-93.png Graphic file (type bmp)
<gifs/HahnEcho_GWM-93.png>

<a0,fr93>
File: gifs/HahnEcho_GWM-94.png Graphic file (type bmp)
<gifs/HahnEcho_GWM-94.png>
 <a0,fr94>
File: gifs/HahnEcho_GWM-95.png Graphic file (type bmp)
<gifs/HahnEcho_GWM-95.png>
 <a0,fr95>
File: gifs/HahnEcho_GWM-96.png Graphic file (type bmp)
<gifs/HahnEcho_GWM-96.png>
 <a0,fr96>
File: gifs/HahnEcho_GWM-97.png Graphic file (type bmp)
<gifs/HahnEcho_GWM-97.png>
 <a0,fr97>
File: gifs/HahnEcho_GWM-98.png Graphic file (type bmp)
<gifs/HahnEcho_GWM-98.png>
 <a0,fr98>
File: gifs/HahnEcho_GWM-99.png Graphic file (type bmp)
<gifs/HahnEcho_GWM-99.png>
 <a0,fr99>
File: gifs/HahnEcho_GWM-100.png Graphic file (type bmp)
<gifs/HahnEcho_GWM-100.png>

<a0,fr100>
File: gifs/HahnEcho_GWM-101.png Graphic file (type bmp)
<gifs/HahnEcho_GWM-101.png>
 <a0,fr101>
File: gifs/HahnEcho_GWM-102.png Graphic file (type bmp)
<gifs/HahnEcho_GWM-102.png>
 <a0,fr102>
File: gifs/HahnEcho_GWM-103.png Graphic file (type bmp)
<gifs/HahnEcho_GWM-103.png>
 <a0,fr103>
File: gifs/HahnEcho_GWM-104.png Graphic file (type bmp)
<gifs/HahnEcho_GWM-104.png>
 <a0,fr104>
File: gifs/HahnEcho_GWM-105.png Graphic file (type bmp)
<gifs/HahnEcho_GWM-105.png>
 <a0,fr105>
File: gifs/HahnEcho_GWM-106.png Graphic file (type bmp)
<gifs/HahnEcho_GWM-106.png>
 <a0,fr106>
File: gifs/HahnEcho_GWM-107.png Graphic file (type bmp)
<gifs/HahnEcho_GWM-107.png>

<a0,fr107>
File: gifs/HahnEcho_GWM-108.png Graphic file (type bmp)
<gifs/HahnEcho_GWM-108.png>
 <a0,fr108>
File: gifs/HahnEcho_GWM-109.png Graphic file (type bmp)
<gifs/HahnEcho_GWM-109.png>
 <a0,fr109>
File: gifs/HahnEcho_GWM-110.png Graphic file (type bmp)
<gifs/HahnEcho_GWM-110.png>
 <a0,fr110>
File: gifs/HahnEcho_GWM-111.png Graphic file (type bmp)
<gifs/HahnEcho_GWM-111.png>
 <a0,fr111>
File: gifs/HahnEcho_GWM-112.png Graphic file (type bmp)
<gifs/HahnEcho_GWM-112.png>
 <a0,fr112>
File: gifs/HahnEcho_GWM-113.png Graphic file (type bmp)
<gifs/HahnEcho_GWM-113.png>
 <a0,fr113>
File: gifs/HahnEcho_GWM-114.png Graphic file (type bmp)
<gifs/HahnEcho_GWM-114.png>

<a0,fr114>
File: gifs/HahnEcho_GWM-115.png Graphic file (type bmp)
<gifs/HahnEcho_GWM-115.png>
 <a0,fr115>
File: gifs/HahnEcho_GWM-116.png Graphic file (type bmp)
<gifs/HahnEcho_GWM-116.png>
 <a0,fr116>
File: gifs/HahnEcho_GWM-117.png Graphic file (type bmp)
<gifs/HahnEcho_GWM-117.png>
 <a0,fr117>
File: gifs/HahnEcho_GWM-118.png Graphic file (type bmp)
<gifs/HahnEcho_GWM-118.png>
 <a0,fr118>
File: gifs/HahnEcho_GWM-119.png Graphic file (type bmp)
<gifs/HahnEcho_GWM-119.png>
 <a0,fr119>
File: gifs/HahnEcho_GWM-120.png Graphic file (type bmp)
<gifs/HahnEcho_GWM-120.png>
 <a0,fr120>
File: gifs/HahnEcho_GWM-121.png Graphic file (type bmp)
<gifs/HahnEcho_GWM-121.png>

<a0,fr121>
File: gifs/HahnEcho_GWM-122.png Graphic file (type bmp)
<gifs/HahnEcho_GWM-122.png>
 <a0,fr122>
File: gifs/HahnEcho_GWM-123.png Graphic file (type bmp)
<gifs/HahnEcho_GWM-123.png>
 <a0,fr123>
File: gifs/HahnEcho_GWM-124.png Graphic file (type bmp)
<gifs/HahnEcho_GWM-124.png>
 <a0,fr124>
File: gifs/HahnEcho_GWM-125.png Graphic file (type bmp)
<gifs/HahnEcho_GWM-125.png>
 <a0,fr125>
File: gifs/HahnEcho_GWM-126.png Graphic file (type bmp)
<gifs/HahnEcho_GWM-126.png>
 <a0,fr126>
File: gifs/HahnEcho_GWM-127.png Graphic file (type bmp)
<gifs/HahnEcho_GWM-127.png>
 <a0,fr127>
File: gifs/HahnEcho_GWM-128.png Graphic file (type bmp)
<gifs/HahnEcho_GWM-128.png>

<a0,fr128>
File: gifs/HahnEcho_GWM-129.png Graphic file (type bmp)
<gifs/HahnEcho_GWM-129.png>
 <a0,fr129>
File: gifs/HahnEcho_GWM-130.png Graphic file (type bmp)
<gifs/HahnEcho_GWM-130.png>
 <a0,fr130>
File: gifs/HahnEcho_GWM-131.png Graphic file (type bmp)
<gifs/HahnEcho_GWM-131.png>
 <a0,fr131>
File: gifs/HahnEcho_GWM-132.png Graphic file (type bmp)
<gifs/HahnEcho_GWM-132.png>
 <a0,fr132>
File: gifs/HahnEcho_GWM-133.png Graphic file (type bmp)
<gifs/HahnEcho_GWM-133.png>
 <a0,fr133>
File: gifs/HahnEcho_GWM-134.png Graphic file (type bmp)
<gifs/HahnEcho_GWM-134.png>
 <a0,fr134>
File: gifs/HahnEcho_GWM-135.png Graphic file (type bmp)
<gifs/HahnEcho_GWM-135.png>

<a0,fr135>
File: gifs/HahnEcho_GWM-136.png Graphic file (type bmp)
<gifs/HahnEcho_GWM-136.png>
 <a0,fr136>
File: gifs/HahnEcho_GWM-137.png Graphic file (type bmp)
<gifs/HahnEcho_GWM-137.png>
 <a0,fr137>
File: gifs/HahnEcho_GWM-138.png Graphic file (type bmp)
<gifs/HahnEcho_GWM-138.png>
 <a0,fr138>
File: gifs/HahnEcho_GWM-139.png Graphic file (type bmp)
<gifs/HahnEcho_GWM-139.png>
 <a0,fr139>
File: gifs/HahnEcho_GWM-140.png Graphic file (type bmp)
<gifs/HahnEcho_GWM-140.png>
 <a0,fr140>
File: gifs/HahnEcho_GWM-141.png Graphic file (type bmp)
<gifs/HahnEcho_GWM-141.png>
 <a0,fr141>
File: gifs/HahnEcho_GWM-142.png Graphic file (type bmp)
<gifs/HahnEcho_GWM-142.png>

<a0,fr142>
File: gifs/HahnEcho_GWM-143.png Graphic file (type bmp)
<gifs/HahnEcho_GWM-143.png>
 <a0,fr143>
File: gifs/HahnEcho_GWM-144.png Graphic file (type bmp)
<gifs/HahnEcho_GWM-144.png>
 <a0,fr144>
File: gifs/HahnEcho_GWM-145.png Graphic file (type bmp)
<gifs/HahnEcho_GWM-145.png>
 <a0,fr145>
File: gifs/HahnEcho_GWM-146.png Graphic file (type bmp)
<gifs/HahnEcho_GWM-146.png>
 <a0,fr146>
File: gifs/HahnEcho_GWM-147.png Graphic file (type bmp)
<gifs/HahnEcho_GWM-147.png>
 <a0,fr147>
File: gifs/HahnEcho_GWM-148.png Graphic file (type bmp)
<gifs/HahnEcho_GWM-148.png>
 <a0,fr148>
File: gifs/HahnEcho_GWM-149.png Graphic file (type bmp)
<gifs/HahnEcho_GWM-149.png>

<a0,fr149>
File: gifs/HahnEcho_GWM-150.png Graphic file (type bmp)
<gifs/HahnEcho_GWM-150.png>
 <a0,fr150>
File: gifs/HahnEcho_GWM-151.png Graphic file (type bmp)
<gifs/HahnEcho_GWM-151.png>
 <a0,fr151>
File: gifs/HahnEcho_GWM-152.png Graphic file (type bmp)
<gifs/HahnEcho_GWM-152.png>
 <a0,fr152>
File: gifs/HahnEcho_GWM-153.png Graphic file (type bmp)
<gifs/HahnEcho_GWM-153.png>
 <a0,fr153>
File: gifs/HahnEcho_GWM-154.png Graphic file (type bmp)
<gifs/HahnEcho_GWM-154.png>
 <a0,fr154>
File: gifs/HahnEcho_GWM-155.png Graphic file (type bmp)
<gifs/HahnEcho_GWM-155.png>
 <a0,fr155>
File: gifs/HahnEcho_GWM-156.png Graphic file (type bmp)
<gifs/HahnEcho_GWM-156.png>

<a0,fr156>
File: gifs/HahnEcho_GWM-157.png Graphic file (type bmp)
<gifs/HahnEcho_GWM-157.png>
 <a0,fr157>
File: gifs/HahnEcho_GWM-158.png Graphic file (type bmp)
<gifs/HahnEcho_GWM-158.png>
 <a0,fr158>
File: gifs/HahnEcho_GWM-159.png Graphic file (type bmp)
<gifs/HahnEcho_GWM-159.png>
 <a0,fr159>
File: gifs/HahnEcho_GWM-160.png Graphic file (type bmp)
<gifs/HahnEcho_GWM-160.png>
 <a0,fr160>
File: gifs/HahnEcho_GWM-161.png Graphic file (type bmp)
<gifs/HahnEcho_GWM-161.png>
 <a0,fr161>
File: gifs/HahnEcho_GWM-162.png Graphic file (type bmp)
<gifs/HahnEcho_GWM-162.png>
 <a0,fr162>
File: gifs/HahnEcho_GWM-163.png Graphic file (type bmp)
<gifs/HahnEcho_GWM-163.png>

<a0,fr163>
File: gifs/HahnEcho_GWM-164.png Graphic file (type bmp)
<gifs/HahnEcho_GWM-164.png>
 <a0,fr164>
File: gifs/HahnEcho_GWM-165.png Graphic file (type bmp)
<gifs/HahnEcho_GWM-165.png>
 <a0,fr165>
File: gifs/HahnEcho_GWM-166.png Graphic file (type bmp)
<gifs/HahnEcho_GWM-166.png>
 <a0,fr166>
File: gifs/HahnEcho_GWM-167.png Graphic file (type bmp)
<gifs/HahnEcho_GWM-167.png>
 <a0,fr167>
File: gifs/HahnEcho_GWM-168.png Graphic file (type bmp)
<gifs/HahnEcho_GWM-168.png>
 <a0,fr168>
File: gifs/HahnEcho_GWM-169.png Graphic file (type bmp)
<gifs/HahnEcho_GWM-169.png>
 <a0,fr169>
File: gifs/HahnEcho_GWM-170.png Graphic file (type bmp)
<gifs/HahnEcho_GWM-170.png>

<a0,fr170>
File: gifs/HahnEcho_GWM-171.png Graphic file (type bmp)
<gifs/HahnEcho_GWM-171.png>
 <a0,fr171>
File: gifs/HahnEcho_GWM-172.png Graphic file (type bmp)
<gifs/HahnEcho_GWM-172.png>
 <a0,fr172>
File: gifs/HahnEcho_GWM-173.png Graphic file (type bmp)
<gifs/HahnEcho_GWM-173.png>
 <a0,fr173>
File: gifs/HahnEcho_GWM-174.png Graphic file (type bmp)
<gifs/HahnEcho_GWM-174.png>
 <a0,fr174>
File: gifs/HahnEcho_GWM-175.png Graphic file (type bmp)
<gifs/HahnEcho_GWM-175.png>
 <a0,fr175>
File: gifs/HahnEcho_GWM-176.png Graphic file (type bmp)
<gifs/HahnEcho_GWM-176.png>
 <a0,fr176>
File: gifs/HahnEcho_GWM-177.png Graphic file (type bmp)
<gifs/HahnEcho_GWM-177.png>

<a0,fr177>
File: gifs/HahnEcho_GWM-178.png Graphic file (type bmp)
<gifs/HahnEcho_GWM-178.png>
 <a0,fr178>
File: gifs/HahnEcho_GWM-179.png Graphic file (type bmp)
<gifs/HahnEcho_GWM-179.png>
 <a0,fr179>
File: gifs/HahnEcho_GWM-180.png Graphic file (type bmp)
<gifs/HahnEcho_GWM-180.png>
 <a0,fr180>
File: gifs/HahnEcho_GWM-181.png Graphic file (type bmp)
<gifs/HahnEcho_GWM-181.png>
 <a0,fr181>
File: gifs/HahnEcho_GWM-182.png Graphic file (type bmp)
<gifs/HahnEcho_GWM-182.png>
 <a0,fr182>
File: gifs/HahnEcho_GWM-183.png Graphic file (type bmp)
<gifs/HahnEcho_GWM-183.png>
 <a0,fr183>
File: gifs/HahnEcho_GWM-184.png Graphic file (type bmp)
<gifs/HahnEcho_GWM-184.png>

<a0,fr184>
File: gifs/HahnEcho_GWM-185.png Graphic file (type bmp)
<gifs/HahnEcho_GWM-185.png>
 <a0,fr185>
File: gifs/HahnEcho_GWM-186.png Graphic file (type bmp)
<gifs/HahnEcho_GWM-186.png>
 <a0,fr186>
File: gifs/HahnEcho_GWM-187.png Graphic file (type bmp)
<gifs/HahnEcho_GWM-187.png>
 <a0,fr187>
File: gifs/HahnEcho_GWM-188.png Graphic file (type bmp)
<gifs/HahnEcho_GWM-188.png>
 <a0,fr188>
File: gifs/HahnEcho_GWM-189.png Graphic file (type bmp)
<gifs/HahnEcho_GWM-189.png>
 <a0,fr189>
File: gifs/HahnEcho_GWM-190.png Graphic file (type bmp)
<gifs/HahnEcho_GWM-190.png>
 <a0,fr190>
File: gifs/HahnEcho_GWM-191.png Graphic file (type bmp)
<gifs/HahnEcho_GWM-191.png>

<a0,fr191>
File: gifs/HahnEcho_GWM-192.png Graphic file (type bmp)
<gifs/HahnEcho_GWM-192.png>
 <a0,fr192>
File: gifs/HahnEcho_GWM-193.png Graphic file (type bmp)
<gifs/HahnEcho_GWM-193.png>
 <a0,fr193>
File: gifs/HahnEcho_GWM-194.png Graphic file (type bmp)
<gifs/HahnEcho_GWM-194.png>
 <a0,fr194>
File: gifs/HahnEcho_GWM-195.png Graphic file (type bmp)
<gifs/HahnEcho_GWM-195.png>
 <a0,fr195>
File: gifs/HahnEcho_GWM-196.png Graphic file (type bmp)
<gifs/HahnEcho_GWM-196.png>
 <a0,fr196>
File: gifs/HahnEcho_GWM-197.png Graphic file (type bmp)
<gifs/HahnEcho_GWM-197.png>
 <a0,fr197>
File: gifs/HahnEcho_GWM-198.png Graphic file (type bmp)
<gifs/HahnEcho_GWM-198.png>

<a0,fr198>
File: gifs/HahnEcho_GWM-199.png Graphic file (type bmp)
<gifs/HahnEcho_GWM-199.png>
 <a0,fr199>
File: gifs/HahnEcho_GWM-200.png Graphic file (type bmp)
<gifs/HahnEcho_GWM-200.png>
 <a0,fr200>
File: gifs/HahnEcho_GWM-201.png Graphic file (type bmp)
<gifs/HahnEcho_GWM-201.png>
 <a0,fr201>
File: gifs/HahnEcho_GWM-202.png Graphic file (type bmp)
<gifs/HahnEcho_GWM-202.png>
 <a0,fr202>
File: gifs/HahnEcho_GWM-203.png Graphic file (type bmp)
<gifs/HahnEcho_GWM-203.png>
 <a0,fr203>
File: gifs/HahnEcho_GWM-204.png Graphic file (type bmp)
<gifs/HahnEcho_GWM-204.png>
 <a0,fr204>
File: gifs/HahnEcho_GWM-205.png Graphic file (type bmp)
<gifs/HahnEcho_GWM-205.png>

<a0,fr205>
File: gifs/HahnEcho_GWM-206.png Graphic file (type bmp)
<gifs/HahnEcho_GWM-206.png>
 <a0,fr206>
File: gifs/HahnEcho_GWM-207.png Graphic file (type bmp)
<gifs/HahnEcho_GWM-207.png>
 <a0,fr207>
File: gifs/HahnEcho_GWM-208.png Graphic file (type bmp)
<gifs/HahnEcho_GWM-208.png>
 <a0,fr208>
File: gifs/HahnEcho_GWM-209.png Graphic file (type bmp)
<gifs/HahnEcho_GWM-209.png>
 <a0,fr209>
File: gifs/HahnEcho_GWM-210.png Graphic file (type bmp)
<gifs/HahnEcho_GWM-210.png>
 <a0,fr210>
File: gifs/HahnEcho_GWM-211.png Graphic file (type bmp)
<gifs/HahnEcho_GWM-211.png>
 <a0,fr211>
File: gifs/HahnEcho_GWM-212.png Graphic file (type bmp)
<gifs/HahnEcho_GWM-212.png>

<a0,fr212>
File: gifs/HahnEcho_GWM-213.png Graphic file (type bmp)
<gifs/HahnEcho_GWM-213.png>
 <a0,fr213>
File: gifs/HahnEcho_GWM-214.png Graphic file (type bmp)
<gifs/HahnEcho_GWM-214.png>
 <a0,fr214>
File: gifs/HahnEcho_GWM-215.png Graphic file (type bmp)
<gifs/HahnEcho_GWM-215.png>
 <a0,fr215>
File: gifs/HahnEcho_GWM-216.png Graphic file (type bmp)
<gifs/HahnEcho_GWM-216.png>
 <a0,fr216>
File: gifs/HahnEcho_GWM-217.png Graphic file (type bmp)
<gifs/HahnEcho_GWM-217.png>
 <a0,fr217>
File: gifs/HahnEcho_GWM-218.png Graphic file (type bmp)
<gifs/HahnEcho_GWM-218.png>
 <a0,fr218>
File: gifs/HahnEcho_GWM-219.png Graphic file (type bmp)
<gifs/HahnEcho_GWM-219.png>

<a0,fr219>
File: gifs/HahnEcho_GWM-220.png Graphic file (type bmp)
<gifs/HahnEcho_GWM-220.png>
 <a0,fr220>
File: gifs/HahnEcho_GWM-221.png Graphic file (type bmp)
<gifs/HahnEcho_GWM-221.png>
 <a0,fr221>
File: gifs/HahnEcho_GWM-222.png Graphic file (type bmp)
<gifs/HahnEcho_GWM-222.png>
 <a0,fr222>
File: gifs/HahnEcho_GWM-223.png Graphic file (type bmp)
<gifs/HahnEcho_GWM-223.png>
 <a0,fr223>
File: gifs/HahnEcho_GWM-224.png Graphic file (type bmp)
<gifs/HahnEcho_GWM-224.png>
 <a0,fr224>
File: gifs/HahnEcho_GWM-225.png Graphic file (type bmp)
<gifs/HahnEcho_GWM-225.png>
 <a0,fr225>
File: gifs/HahnEcho_GWM-226.png Graphic file (type bmp)
<gifs/HahnEcho_GWM-226.png>

<a0,fr226>
File: gifs/HahnEcho_GWM-227.png Graphic file (type bmp)
<gifs/HahnEcho_GWM-227.png>
 <a0,fr227>
File: gifs/HahnEcho_GWM-228.png Graphic file (type bmp)
<gifs/HahnEcho_GWM-228.png>
 <a0,fr228>
File: gifs/HahnEcho_GWM-229.png Graphic file (type bmp)
<gifs/HahnEcho_GWM-229.png>
 <a0,fr229>
File: gifs/HahnEcho_GWM-230.png Graphic file (type bmp)
<gifs/HahnEcho_GWM-230.png>
 <a0,fr230>
File: gifs/HahnEcho_GWM-231.png Graphic file (type bmp)
<gifs/HahnEcho_GWM-231.png>
 <a0,fr231>
File: gifs/HahnEcho_GWM-232.png Graphic file (type bmp)
<gifs/HahnEcho_GWM-232.png>
 <a0,fr232>
File: gifs/HahnEcho_GWM-233.png Graphic file (type bmp)
<gifs/HahnEcho_GWM-233.png>

<a0,fr233>
File: gifs/HahnEcho_GWM-234.png Graphic file (type bmp)
<gifs/HahnEcho_GWM-234.png>
 <a0,fr234>
File: gifs/HahnEcho_GWM-235.png Graphic file (type bmp)
<gifs/HahnEcho_GWM-235.png>
 <a0,fr235>
File: gifs/HahnEcho_GWM-236.png Graphic file (type bmp)
<gifs/HahnEcho_GWM-236.png>
 <a0,fr236>
File: gifs/HahnEcho_GWM-237.png Graphic file (type bmp)
<gifs/HahnEcho_GWM-237.png>
 <a0,fr237>
File: gifs/HahnEcho_GWM-238.png Graphic file (type bmp)
<gifs/HahnEcho_GWM-238.png>
 <a0,fr238>
File: gifs/HahnEcho_GWM-239.png Graphic file (type bmp)
<gifs/HahnEcho_GWM-239.png>
 <a0,fr239>
File: gifs/HahnEcho_GWM-240.png Graphic file (type bmp)
<gifs/HahnEcho_GWM-240.png>

<a0,fr240>
File: gifs/HahnEcho_GWM-241.png Graphic file (type bmp)
<gifs/HahnEcho_GWM-241.png>
 <a0,fr241>
File: gifs/HahnEcho_GWM-242.png Graphic file (type bmp)
<gifs/HahnEcho_GWM-242.png>
 <a0,fr242>
File: gifs/HahnEcho_GWM-243.png Graphic file (type bmp)
<gifs/HahnEcho_GWM-243.png>
 <a0,fr243>
File: gifs/HahnEcho_GWM-244.png Graphic file (type bmp)
<gifs/HahnEcho_GWM-244.png>
 <a0,fr244>
File: gifs/HahnEcho_GWM-245.png Graphic file (type bmp)
<gifs/HahnEcho_GWM-245.png>
 <a0,fr245>
File: gifs/HahnEcho_GWM-246.png Graphic file (type bmp)
<gifs/HahnEcho_GWM-246.png>
 <a0,fr246>
File: gifs/HahnEcho_GWM-247.png Graphic file (type bmp)
<gifs/HahnEcho_GWM-247.png>

<a0,fr247>
File: gifs/HahnEcho_GWM-248.png Graphic file (type bmp)
<gifs/HahnEcho_GWM-248.png>
 <a0,fr248>
File: gifs/HahnEcho_GWM-249.png Graphic file (type bmp)
<gifs/HahnEcho_GWM-249.png>
 <a0,fr249>
File: gifs/HahnEcho_GWM-250.png Graphic file (type bmp)
<gifs/HahnEcho_GWM-250.png>
 <a0,fr250>
File: gifs/HahnEcho_GWM-251.png Graphic file (type bmp)
<gifs/HahnEcho_GWM-251.png>
 <a0,fr251>
File: gifs/HahnEcho_GWM-252.png Graphic file (type bmp)
<gifs/HahnEcho_GWM-252.png>
 <a0,fr252>
File: gifs/HahnEcho_GWM-253.png Graphic file (type bmp)
<gifs/HahnEcho_GWM-253.png>
 <a0,fr253>
File: gifs/HahnEcho_GWM-254.png Graphic file (type bmp)
<gifs/HahnEcho_GWM-254.png>

<a0,fr254>
File: gifs/HahnEcho_GWM-255.png Graphic file (type bmp)
<gifs/HahnEcho_GWM-255.png>
 <a0,fr255>
File: figures/UBC-MRI-logo.png Graphic file (type bmp)
<figures/UBC-MRI-logo.png>
 [2

]
File: gifs/HahnEcho_GWM-165.png Graphic file (type bmp)
<gifs/HahnEcho_GWM-165.png>
File: figures/UBC-MRI-logo.png Graphic file (type bmp)
<figures/UBC-MRI-logo.png>
 [3

]
File: gifs/HahnEcho_GWM-165.png Graphic file (type bmp)
<gifs/HahnEcho_GWM-165.png>
File: figures/UBC-MRI-logo.png Graphic file (type bmp)
<figures/UBC-MRI-logo.png>
 [4

]
File: gifs/HahnEcho_GWM-165.png Graphic file (type bmp)
<gifs/HahnEcho_GWM-165.png>
File: figures/UBC-MRI-logo.png Graphic file (type bmp)
<figures/UBC-MRI-logo.png>
 [5

]
File: figures/voxelgeo.png Graphic file (type bmp)
<figures/voxelgeo.png>
File: figures/domega.png Graphic file (type bmp)
<figures/domega.png>
File: figures/UBC-MRI-logo.png Graphic file (type bmp)
<figures/UBC-MRI-logo.png>
 [6

]
File: figures/UBC-MRI-logo.png Graphic file (type bmp)
<figures/UBC-MRI-logo.png>
 [7

]
File: figures/UBC-MRI-logo.png Graphic file (type bmp)
<figures/UBC-MRI-logo.png>
 [8

]
File: figures/UBC-MRI-logo.png Graphic file (type bmp)
<figures/UBC-MRI-logo.png>
 [9

]
File: figures/UBC-MRI-logo.png Graphic file (type bmp)
<figures/UBC-MRI-logo.png>
 [10

]
File: figures/UBC-MRI-logo.png Graphic file (type bmp)
<figures/UBC-MRI-logo.png>
 [11

]
File: figures/UBC-MRI-logo.png Graphic file (type bmp)
<figures/UBC-MRI-logo.png>
 [12

]
File: figures/UBC-MRI-logo.png Graphic file (type bmp)
<figures/UBC-MRI-logo.png>
 [13

]
File: figures/UBC-MRI-logo.png Graphic file (type bmp)
<figures/UBC-MRI-logo.png>

[14

]
File: figures/UBC-MRI-logo.png Graphic file (type bmp)
<figures/UBC-MRI-logo.png>
 [15

]
File: figures/UBC-MRI-logo.png Graphic file (type bmp)
<figures/UBC-MRI-logo.png>
 [16

]
File: figures/UBC-MRI-logo.png Graphic file (type bmp)
<figures/UBC-MRI-logo.png>
 [17

]
File: figures/UBC-MRI-logo.png Graphic file (type bmp)
<figures/UBC-MRI-logo.png>
 [18

]
File: figures/UBC-MRI-logo.png Graphic file (type bmp)
<figures/UBC-MRI-logo.png>
 [19

]
File: figures/error_curves.pdf Graphic file (type pdf)
<use figures/error_curves.pdf>
File: figures/UBC-MRI-logo.png Graphic file (type bmp)
<figures/UBC-MRI-logo.png>
 [20

]
LaTeX Font Info:    Font shape `TU/lmss/m/it' in size <12> not available
(Font)              Font shape `TU/lmss/m/sl' tried instead on input line 361.
LaTeX Font Info:    Font shape `TU/lmss/bx/it' in size <12> not available
(Font)              Font shape `TU/lmss/bx/sl' tried instead on input line 361.

File: figures/UBC-MRI-logo.png Graphic file (type bmp)
<figures/UBC-MRI-logo.png>
 [21

]
File: figures/UBC-MRI-logo.png Graphic file (type bmp)
<figures/UBC-MRI-logo.png>
 [22

]
\tf@nav=\write6
\openout6 = `pres.nav'.

\tf@toc=\write7
\openout7 = `pres.toc'.

\tf@snm=\write8
\openout8 = `pres.snm'.

Package atveryend Info: Empty hook `BeforeClearDocument' on input line 377.
Package atveryend Info: Empty hook `AfterLastShipout' on input line 377.
 (pres.aux
*************************************************
* pdfbase warning: "rerun"
* 
* Rerun to get internal references right!
*************************************************
)
Package atveryend Info: Empty hook `AtVeryEndDocument' on input line 377.
Package atveryend Info: Empty hook `AtEndAfterFileList' on input line 377.
 ) 
Here is how much of TeX's memory you used:
 34341 strings out of 427836
 667670 string characters out of 3152480
 921848 words of memory out of 3000000
 37555 multiletter control sequences out of 15000+200000
 541034 words of font info for 84 fonts, out of 3000000 for 9000
 1328 hyphenation exceptions out of 8191
 60i,15n,63p,10451b,782s stack positions out of 5000i,500n,10000p,200000b,50000s

Output written on pres.pdf (22 pages).
